[0.467s] Invoking command in '/dev_ws_jazzy/build/rplidar_ros': CMAKE_PREFIX_PATH=${CMAKE_PREFIX_PATH}:/opt/ros/jazzy /usr/bin/cmake --build /dev_ws_jazzy/build/rplidar_ros -- -j16 -l16
[5.929s] [  5%] Built target rplidar_client
[16.666s] [100%] Built target rplidar_node
[16.671s] [100%] Built target rplidar_composition
[16.993s] Invoked command in '/dev_ws_jazzy/build/rplidar_ros' returned '0': CMAKE_PREFIX_PATH=${CMAKE_PREFIX_PATH}:/opt/ros/jazzy /usr/bin/cmake --build /dev_ws_jazzy/build/rplidar_ros -- -j16 -l16
[17.054s] Invoking command in '/dev_ws_jazzy/build/rplidar_ros': CMAKE_PREFIX_PATH=${CMAKE_PREFIX_PATH}:/opt/ros/jazzy /usr/bin/cmake --install /dev_ws_jazzy/build/rplidar_ros
[17.089s] -- Install configuration: ""
[17.127s] -- Execute custom install script
[17.396s] -- Symlinking: /dev_ws_jazzy/install/rplidar_ros/share/rplidar_ros/launch/rplidar_a1_launch.py
[17.492s] -- Symlinking: /dev_ws_jazzy/install/rplidar_ros/share/rplidar_ros/launch/rplidar_a2m12_launch.py
[17.569s] -- Symlinking: /dev_ws_jazzy/install/rplidar_ros/share/rplidar_ros/launch/rplidar_a2m7_launch.py
[17.648s] -- Symlinking: /dev_ws_jazzy/install/rplidar_ros/share/rplidar_ros/launch/rplidar_a2m8_launch.py
[17.726s] -- Symlinking: /dev_ws_jazzy/install/rplidar_ros/share/rplidar_ros/launch/rplidar_a3_launch.py
[17.826s] -- Symlinking: /dev_ws_jazzy/install/rplidar_ros/share/rplidar_ros/launch/rplidar_c1_launch.py
[17.903s] -- Symlinking: /dev_ws_jazzy/install/rplidar_ros/share/rplidar_ros/launch/rplidar_s1_launch.py
[17.983s] -- Symlinking: /dev_ws_jazzy/install/rplidar_ros/share/rplidar_ros/launch/rplidar_s1_tcp_launch.py
[18.110s] -- Symlinking: /dev_ws_jazzy/install/rplidar_ros/share/rplidar_ros/launch/rplidar_s2_launch.py
[18.262s] -- Symlinking: /dev_ws_jazzy/install/rplidar_ros/share/rplidar_ros/launch/rplidar_s2e_launch.py
[18.366s] -- Symlinking: /dev_ws_jazzy/install/rplidar_ros/share/rplidar_ros/launch/rplidar_s3_launch.py
[18.561s] -- Symlinking: /dev_ws_jazzy/install/rplidar_ros/share/rplidar_ros/launch/rplidar_t1_launch.py
[18.736s] -- Symlinking: /dev_ws_jazzy/install/rplidar_ros/share/rplidar_ros/launch/view_rplidar_a1_launch.py
[18.929s] -- Symlinking: /dev_ws_jazzy/install/rplidar_ros/share/rplidar_ros/launch/view_rplidar_a2m12_launch.py
[19.018s] -- Symlinking: /dev_ws_jazzy/install/rplidar_ros/share/rplidar_ros/launch/view_rplidar_a2m7_launch.py
[19.090s] -- Symlinking: /dev_ws_jazzy/install/rplidar_ros/share/rplidar_ros/launch/view_rplidar_a2m8_launch.py
[19.162s] -- Symlinking: /dev_ws_jazzy/install/rplidar_ros/share/rplidar_ros/launch/view_rplidar_a3_launch.py
[19.239s] -- Symlinking: /dev_ws_jazzy/install/rplidar_ros/share/rplidar_ros/launch/view_rplidar_c1_launch.py
[19.310s] -- Symlinking: /dev_ws_jazzy/install/rplidar_ros/share/rplidar_ros/launch/view_rplidar_s1_launch.py
[19.395s] -- Symlinking: /dev_ws_jazzy/install/rplidar_ros/share/rplidar_ros/launch/view_rplidar_s1_tcp_launch.py
[19.482s] -- Symlinking: /dev_ws_jazzy/install/rplidar_ros/share/rplidar_ros/launch/view_rplidar_s2_launch.py
[19.570s] -- Symlinking: /dev_ws_jazzy/install/rplidar_ros/share/rplidar_ros/launch/view_rplidar_s2e_launch.py
[19.643s] -- Symlinking: /dev_ws_jazzy/install/rplidar_ros/share/rplidar_ros/launch/view_rplidar_s3_launch.py
[19.718s] -- Symlinking: /dev_ws_jazzy/install/rplidar_ros/share/rplidar_ros/launch/view_rplidar_t1_launch.py
[19.870s] -- Symlinking: /dev_ws_jazzy/install/rplidar_ros/share/rplidar_ros/rviz/rplidar_ros.rviz
[19.972s] -- Symlinking: /dev_ws_jazzy/install/rplidar_ros/lib/rplidar_ros/rplidar_node
[20.035s] -- Symlinking: /dev_ws_jazzy/install/rplidar_ros/lib/rplidar_ros/rplidar_composition
[20.094s] -- Symlinking: /dev_ws_jazzy/install/rplidar_ros/lib/rplidar_ros/rplidar_client
[20.200s] -- Symlinking: /dev_ws_jazzy/install/rplidar_ros/share/ament_index/resource_index/package_run_dependencies/rplidar_ros
[20.356s] -- Symlinking: /dev_ws_jazzy/install/rplidar_ros/share/ament_index/resource_index/parent_prefix_path/rplidar_ros
[20.514s] -- Symlinking: /dev_ws_jazzy/install/rplidar_ros/share/rplidar_ros/environment/ament_prefix_path.sh
[20.607s] -- Symlinking: /dev_ws_jazzy/install/rplidar_ros/share/rplidar_ros/environment/ament_prefix_path.dsv
[20.684s] -- Symlinking: /dev_ws_jazzy/install/rplidar_ros/share/rplidar_ros/environment/path.sh
[20.779s] -- Symlinking: /dev_ws_jazzy/install/rplidar_ros/share/rplidar_ros/environment/path.dsv
[20.994s] -- Symlinking: /dev_ws_jazzy/install/rplidar_ros/share/rplidar_ros/local_setup.bash
[21.076s] -- Symlinking: /dev_ws_jazzy/install/rplidar_ros/share/rplidar_ros/local_setup.sh
[21.181s] -- Symlinking: /dev_ws_jazzy/install/rplidar_ros/share/rplidar_ros/local_setup.zsh
[21.270s] -- Symlinking: /dev_ws_jazzy/install/rplidar_ros/share/rplidar_ros/local_setup.dsv
[21.384s] -- Symlinking: /dev_ws_jazzy/install/rplidar_ros/share/rplidar_ros/package.dsv
[21.491s] -- Symlinking: /dev_ws_jazzy/install/rplidar_ros/share/ament_index/resource_index/packages/rplidar_ros
[21.649s] -- Symlinking: /dev_ws_jazzy/install/rplidar_ros/share/rplidar_ros/cmake/ament_cmake_export_dependencies-extras.cmake
[21.763s] -- Symlinking: /dev_ws_jazzy/install/rplidar_ros/share/rplidar_ros/cmake/ament_cmake_export_include_directories-extras.cmake
[21.883s] -- Symlinking: /dev_ws_jazzy/install/rplidar_ros/share/rplidar_ros/cmake/rplidar_rosConfig.cmake
[21.967s] -- Symlinking: /dev_ws_jazzy/install/rplidar_ros/share/rplidar_ros/cmake/rplidar_rosConfig-version.cmake
[22.056s] -- Symlinking: /dev_ws_jazzy/install/rplidar_ros/share/rplidar_ros/package.xml
[22.109s] Invoked command in '/dev_ws_jazzy/build/rplidar_ros' returned '0': CMAKE_PREFIX_PATH=${CMAKE_PREFIX_PATH}:/opt/ros/jazzy /usr/bin/cmake --install /dev_ws_jazzy/build/rplidar_ros
