[  0%] Built target ament_cmake_python_symlink_delivery_robot_interfaces
[  2%] [34m[1mGenerating type hashes for ROS interfaces[0m
[  2%] Built target delivery_robot_interfaces__rosidl_generator_type_description
running egg_info
creating delivery_robot_interfaces.egg-info
writing delivery_robot_interfaces.egg-info/PKG-INFO
writing dependency_links to delivery_robot_interfaces.egg-info/dependency_links.txt
writing top-level names to delivery_robot_interfaces.egg-info/top_level.txt
[  4%] [34m[1mGenerating C code for ROS interfaces[0m
writing manifest file 'delivery_robot_interfaces.egg-info/SOURCES.txt'
[  6%] [34m[1mGenerating C++ code for ROS interfaces[0m
reading manifest file 'delivery_robot_interfaces.egg-info/SOURCES.txt'
writing manifest file 'delivery_robot_interfaces.egg-info/SOURCES.txt'
[  6%] Built target ament_cmake_python_build_delivery_robot_interfaces_egg
[  6%] Built target delivery_robot_interfaces__cpp
[  9%] [32mBuilding C object CMakeFiles/delivery_robot_interfaces__rosidl_generator_c.dir/rosidl_generator_c/delivery_robot_interfaces/msg/detail/order_step__description.c.o[0m
[ 11%] [32mBuilding C object CMakeFiles/delivery_robot_interfaces__rosidl_generator_c.dir/rosidl_generator_c/delivery_robot_interfaces/msg/detail/order_step__functions.c.o[0m
[ 13%] [32mBuilding C object CMakeFiles/delivery_robot_interfaces__rosidl_generator_c.dir/rosidl_generator_c/delivery_robot_interfaces/msg/detail/order_step__type_support.c.o[0m
[ 18%] [32mBuilding C object CMakeFiles/delivery_robot_interfaces__rosidl_generator_c.dir/rosidl_generator_c/delivery_robot_interfaces/msg/detail/order__description.c.o[0m
[ 18%] [32mBuilding C object CMakeFiles/delivery_robot_interfaces__rosidl_generator_c.dir/rosidl_generator_c/delivery_robot_interfaces/msg/detail/order__functions.c.o[0m
[ 20%] [32mBuilding C object CMakeFiles/delivery_robot_interfaces__rosidl_generator_c.dir/rosidl_generator_c/delivery_robot_interfaces/msg/detail/order__type_support.c.o[0m
[ 22%] [32m[1mLinking C shared library libdelivery_robot_interfaces__rosidl_generator_c.so[0m
[ 22%] Built target delivery_robot_interfaces__rosidl_generator_c
[ 36%] [34m[1mGenerating C++ type support for eProsima Fast-RTPS[0m
[ 36%] [34m[1mGenerating C type support dispatch for ROS interfaces[0m
[ 36%] [34m[1mGenerating C++ type support dispatch for ROS interfaces[0m
[ 36%] [34m[1mGenerating C type support for eProsima Fast-RTPS[0m
[ 36%] [34m[1mGenerating C introspection for ROS interfaces[0m
[ 36%] [34m[1mGenerating C++ introspection for ROS interfaces[0m
[ 38%] [32mBuilding CXX object CMakeFiles/delivery_robot_interfaces__rosidl_typesupport_c.dir/rosidl_typesupport_c/delivery_robot_interfaces/msg/order_step__type_support.cpp.o[0m
[ 43%] [32mBuilding CXX object CMakeFiles/delivery_robot_interfaces__rosidl_typesupport_cpp.dir/rosidl_typesupport_cpp/delivery_robot_interfaces/msg/order_step__type_support.cpp.o[0m
[ 43%] [32mBuilding CXX object CMakeFiles/delivery_robot_interfaces__rosidl_typesupport_c.dir/rosidl_typesupport_c/delivery_robot_interfaces/msg/order__type_support.cpp.o[0m
[ 45%] [32mBuilding CXX object CMakeFiles/delivery_robot_interfaces__rosidl_typesupport_cpp.dir/rosidl_typesupport_cpp/delivery_robot_interfaces/msg/order__type_support.cpp.o[0m
[ 47%] [32mBuilding C object CMakeFiles/delivery_robot_interfaces__rosidl_typesupport_introspection_c.dir/rosidl_typesupport_introspection_c/delivery_robot_interfaces/msg/detail/order_step__type_support.c.o[0m
[ 50%] [32mBuilding C object CMakeFiles/delivery_robot_interfaces__rosidl_typesupport_introspection_c.dir/rosidl_typesupport_introspection_c/delivery_robot_interfaces/msg/detail/order__type_support.c.o[0m
[ 54%] [32mBuilding CXX object CMakeFiles/delivery_robot_interfaces__rosidl_typesupport_fastrtps_cpp.dir/rosidl_typesupport_fastrtps_cpp/delivery_robot_interfaces/msg/detail/dds_fastrtps/order_step__type_support.cpp.o[0m
[ 54%] [32mBuilding CXX object CMakeFiles/delivery_robot_interfaces__rosidl_typesupport_introspection_cpp.dir/rosidl_typesupport_introspection_cpp/delivery_robot_interfaces/msg/detail/order_step__type_support.cpp.o[0m
[ 56%] [32mBuilding CXX object CMakeFiles/delivery_robot_interfaces__rosidl_typesupport_introspection_cpp.dir/rosidl_typesupport_introspection_cpp/delivery_robot_interfaces/msg/detail/order__type_support.cpp.o[0m
[ 59%] [32mBuilding CXX object CMakeFiles/delivery_robot_interfaces__rosidl_typesupport_fastrtps_cpp.dir/rosidl_typesupport_fastrtps_cpp/delivery_robot_interfaces/msg/detail/dds_fastrtps/order__type_support.cpp.o[0m
[ 61%] [32mBuilding CXX object CMakeFiles/delivery_robot_interfaces__rosidl_typesupport_fastrtps_c.dir/rosidl_typesupport_fastrtps_c/delivery_robot_interfaces/msg/detail/order_step__type_support_c.cpp.o[0m
[ 63%] [32mBuilding CXX object CMakeFiles/delivery_robot_interfaces__rosidl_typesupport_fastrtps_c.dir/rosidl_typesupport_fastrtps_c/delivery_robot_interfaces/msg/detail/order__type_support_c.cpp.o[0m
[ 65%] [32m[1mLinking CXX shared library libdelivery_robot_interfaces__rosidl_typesupport_c.so[0m
[ 68%] [32m[1mLinking C shared library libdelivery_robot_interfaces__rosidl_typesupport_introspection_c.so[0m
[ 68%] Built target delivery_robot_interfaces__rosidl_typesupport_c
[ 70%] [32m[1mLinking CXX shared library libdelivery_robot_interfaces__rosidl_typesupport_cpp.so[0m
[ 70%] Built target delivery_robot_interfaces__rosidl_typesupport_introspection_c
[ 70%] Built target delivery_robot_interfaces__rosidl_typesupport_cpp
[ 72%] [32m[1mLinking CXX shared library libdelivery_robot_interfaces__rosidl_typesupport_fastrtps_c.so[0m
[ 75%] [32m[1mLinking CXX shared library libdelivery_robot_interfaces__rosidl_typesupport_introspection_cpp.so[0m
[ 75%] Built target delivery_robot_interfaces__rosidl_typesupport_fastrtps_c
[ 77%] [32m[1mLinking CXX shared library libdelivery_robot_interfaces__rosidl_typesupport_fastrtps_cpp.so[0m
[ 77%] Built target delivery_robot_interfaces__rosidl_typesupport_introspection_cpp
[ 77%] Built target delivery_robot_interfaces__rosidl_typesupport_fastrtps_cpp
[ 77%] Built target delivery_robot_interfaces
[ 79%] [34m[1mGenerating Python code for ROS interfaces[0m
[ 79%] Built target delivery_robot_interfaces__py
[ 81%] [32mBuilding C object CMakeFiles/delivery_robot_interfaces__rosidl_generator_py.dir/rosidl_generator_py/delivery_robot_interfaces/msg/_order_step_s.c.o[0m
[ 84%] [32mBuilding C object CMakeFiles/delivery_robot_interfaces__rosidl_generator_py.dir/rosidl_generator_py/delivery_robot_interfaces/msg/_order_s.c.o[0m
[ 86%] [32m[1mLinking C shared library libdelivery_robot_interfaces__rosidl_generator_py.so[0m
[ 86%] Built target delivery_robot_interfaces__rosidl_generator_py
[ 93%] [32mBuilding C object CMakeFiles/delivery_robot_interfaces_s__rosidl_typesupport_c.dir/rosidl_generator_py/delivery_robot_interfaces/_delivery_robot_interfaces_s.ep.rosidl_typesupport_c.c.o[0m
[ 93%] [32mBuilding C object CMakeFiles/delivery_robot_interfaces_s__rosidl_typesupport_fastrtps_c.dir/rosidl_generator_py/delivery_robot_interfaces/_delivery_robot_interfaces_s.ep.rosidl_typesupport_fastrtps_c.c.o[0m
[ 93%] [32mBuilding C object CMakeFiles/delivery_robot_interfaces_s__rosidl_typesupport_introspection_c.dir/rosidl_generator_py/delivery_robot_interfaces/_delivery_robot_interfaces_s.ep.rosidl_typesupport_introspection_c.c.o[0m
[ 95%] [32m[1mLinking C shared module rosidl_generator_py/delivery_robot_interfaces/delivery_robot_interfaces_s__rosidl_typesupport_c.so[0m
[ 97%] [32m[1mLinking C shared module rosidl_generator_py/delivery_robot_interfaces/delivery_robot_interfaces_s__rosidl_typesupport_introspection_c.so[0m
[100%] [32m[1mLinking C shared module rosidl_generator_py/delivery_robot_interfaces/delivery_robot_interfaces_s__rosidl_typesupport_fastrtps_c.so[0m
[100%] Built target delivery_robot_interfaces_s__rosidl_typesupport_c
[100%] Built target delivery_robot_interfaces_s__rosidl_typesupport_introspection_c
[100%] Built target delivery_robot_interfaces_s__rosidl_typesupport_fastrtps_c
-- Install configuration: ""
-- Execute custom install script
-- Symlinking: /dev_ws_jazzy/install/delivery_robot_interfaces/share/ament_index/resource_index/rosidl_interfaces/delivery_robot_interfaces
-- Symlinking: /dev_ws_jazzy/install/delivery_robot_interfaces/share/delivery_robot_interfaces/msg/OrderStep.json
-- Symlinking: /dev_ws_jazzy/install/delivery_robot_interfaces/share/delivery_robot_interfaces/msg/Order.json
-- Symlinking: /dev_ws_jazzy/install/delivery_robot_interfaces/include/delivery_robot_interfaces/delivery_robot_interfaces/msg/detail/order__functions.h
-- Symlinking: /dev_ws_jazzy/install/delivery_robot_interfaces/include/delivery_robot_interfaces/delivery_robot_interfaces/msg/detail/order__struct.h
-- Symlinking: /dev_ws_jazzy/install/delivery_robot_interfaces/include/delivery_robot_interfaces/delivery_robot_interfaces/msg/detail/order__type_support.h
-- Symlinking: /dev_ws_jazzy/install/delivery_robot_interfaces/include/delivery_robot_interfaces/delivery_robot_interfaces/msg/detail/order_step__functions.h
-- Symlinking: /dev_ws_jazzy/install/delivery_robot_interfaces/include/delivery_robot_interfaces/delivery_robot_interfaces/msg/detail/order_step__struct.h
-- Symlinking: /dev_ws_jazzy/install/delivery_robot_interfaces/include/delivery_robot_interfaces/delivery_robot_interfaces/msg/detail/order_step__type_support.h
-- Symlinking: /dev_ws_jazzy/install/delivery_robot_interfaces/include/delivery_robot_interfaces/delivery_robot_interfaces/msg/order.h
-- Symlinking: /dev_ws_jazzy/install/delivery_robot_interfaces/include/delivery_robot_interfaces/delivery_robot_interfaces/msg/order_step.h
-- Symlinking: /dev_ws_jazzy/install/delivery_robot_interfaces/include/delivery_robot_interfaces/delivery_robot_interfaces/msg/rosidl_generator_c__visibility_control.h
-- Symlinking: /dev_ws_jazzy/install/delivery_robot_interfaces/share/delivery_robot_interfaces/environment/library_path.sh
-- Symlinking: /dev_ws_jazzy/install/delivery_robot_interfaces/share/delivery_robot_interfaces/environment/library_path.dsv
-- Symlinking: /dev_ws_jazzy/install/delivery_robot_interfaces/include/delivery_robot_interfaces/delivery_robot_interfaces/msg/detail/order__rosidl_typesupport_fastrtps_c.h
-- Symlinking: /dev_ws_jazzy/install/delivery_robot_interfaces/include/delivery_robot_interfaces/delivery_robot_interfaces/msg/detail/order_step__rosidl_typesupport_fastrtps_c.h
-- Symlinking: /dev_ws_jazzy/install/delivery_robot_interfaces/include/delivery_robot_interfaces/delivery_robot_interfaces/msg/rosidl_typesupport_fastrtps_c__visibility_control.h
-- Symlinking: /dev_ws_jazzy/install/delivery_robot_interfaces/include/delivery_robot_interfaces/delivery_robot_interfaces/msg/detail/order__builder.hpp
-- Symlinking: /dev_ws_jazzy/install/delivery_robot_interfaces/include/delivery_robot_interfaces/delivery_robot_interfaces/msg/detail/order__struct.hpp
-- Symlinking: /dev_ws_jazzy/install/delivery_robot_interfaces/include/delivery_robot_interfaces/delivery_robot_interfaces/msg/detail/order__traits.hpp
-- Symlinking: /dev_ws_jazzy/install/delivery_robot_interfaces/include/delivery_robot_interfaces/delivery_robot_interfaces/msg/detail/order__type_support.hpp
-- Symlinking: /dev_ws_jazzy/install/delivery_robot_interfaces/include/delivery_robot_interfaces/delivery_robot_interfaces/msg/detail/order_step__builder.hpp
-- Symlinking: /dev_ws_jazzy/install/delivery_robot_interfaces/include/delivery_robot_interfaces/delivery_robot_interfaces/msg/detail/order_step__struct.hpp
-- Symlinking: /dev_ws_jazzy/install/delivery_robot_interfaces/include/delivery_robot_interfaces/delivery_robot_interfaces/msg/detail/order_step__traits.hpp
-- Symlinking: /dev_ws_jazzy/install/delivery_robot_interfaces/include/delivery_robot_interfaces/delivery_robot_interfaces/msg/detail/order_step__type_support.hpp
-- Symlinking: /dev_ws_jazzy/install/delivery_robot_interfaces/include/delivery_robot_interfaces/delivery_robot_interfaces/msg/order.hpp
-- Symlinking: /dev_ws_jazzy/install/delivery_robot_interfaces/include/delivery_robot_interfaces/delivery_robot_interfaces/msg/order_step.hpp
-- Symlinking: /dev_ws_jazzy/install/delivery_robot_interfaces/include/delivery_robot_interfaces/delivery_robot_interfaces/msg/rosidl_generator_cpp__visibility_control.hpp
-- Symlinking: /dev_ws_jazzy/install/delivery_robot_interfaces/include/delivery_robot_interfaces/delivery_robot_interfaces/msg/detail/order__rosidl_typesupport_fastrtps_cpp.hpp
-- Symlinking: /dev_ws_jazzy/install/delivery_robot_interfaces/include/delivery_robot_interfaces/delivery_robot_interfaces/msg/detail/order_step__rosidl_typesupport_fastrtps_cpp.hpp
-- Symlinking: /dev_ws_jazzy/install/delivery_robot_interfaces/include/delivery_robot_interfaces/delivery_robot_interfaces/msg/rosidl_typesupport_fastrtps_cpp__visibility_control.h
-- Symlinking: /dev_ws_jazzy/install/delivery_robot_interfaces/include/delivery_robot_interfaces/delivery_robot_interfaces/msg/detail/order__rosidl_typesupport_introspection_c.h
-- Symlinking: /dev_ws_jazzy/install/delivery_robot_interfaces/include/delivery_robot_interfaces/delivery_robot_interfaces/msg/detail/order_step__rosidl_typesupport_introspection_c.h
-- Symlinking: /dev_ws_jazzy/install/delivery_robot_interfaces/include/delivery_robot_interfaces/delivery_robot_interfaces/msg/rosidl_typesupport_introspection_c__visibility_control.h
-- Symlinking: /dev_ws_jazzy/install/delivery_robot_interfaces/include/delivery_robot_interfaces/delivery_robot_interfaces/msg/detail/order__rosidl_typesupport_introspection_cpp.hpp
-- Symlinking: /dev_ws_jazzy/install/delivery_robot_interfaces/include/delivery_robot_interfaces/delivery_robot_interfaces/msg/detail/order_step__rosidl_typesupport_introspection_cpp.hpp
-- Symlinking: /dev_ws_jazzy/install/delivery_robot_interfaces/share/delivery_robot_interfaces/environment/pythonpath.sh
-- Symlinking: /dev_ws_jazzy/install/delivery_robot_interfaces/share/delivery_robot_interfaces/environment/pythonpath.dsv
-- Symlinking: /dev_ws_jazzy/install/delivery_robot_interfaces/lib/python3.12/site-packages/delivery_robot_interfaces-0.0.0-py3.12.egg-info/PKG-INFO
-- Symlinking: /dev_ws_jazzy/install/delivery_robot_interfaces/lib/python3.12/site-packages/delivery_robot_interfaces-0.0.0-py3.12.egg-info/SOURCES.txt
-- Symlinking: /dev_ws_jazzy/install/delivery_robot_interfaces/lib/python3.12/site-packages/delivery_robot_interfaces-0.0.0-py3.12.egg-info/dependency_links.txt
-- Symlinking: /dev_ws_jazzy/install/delivery_robot_interfaces/lib/python3.12/site-packages/delivery_robot_interfaces-0.0.0-py3.12.egg-info/top_level.txt
-- Symlinking: /dev_ws_jazzy/install/delivery_robot_interfaces/lib/python3.12/site-packages/delivery_robot_interfaces/__init__.py
-- Symlinking: /dev_ws_jazzy/install/delivery_robot_interfaces/lib/python3.12/site-packages/delivery_robot_interfaces/_delivery_robot_interfaces_s.ep.rosidl_typesupport_c.c
-- Symlinking: /dev_ws_jazzy/install/delivery_robot_interfaces/lib/python3.12/site-packages/delivery_robot_interfaces/_delivery_robot_interfaces_s.ep.rosidl_typesupport_fastrtps_c.c
-- Symlinking: /dev_ws_jazzy/install/delivery_robot_interfaces/lib/python3.12/site-packages/delivery_robot_interfaces/_delivery_robot_interfaces_s.ep.rosidl_typesupport_introspection_c.c
-- Symlinking: /dev_ws_jazzy/install/delivery_robot_interfaces/lib/python3.12/site-packages/delivery_robot_interfaces/delivery_robot_interfaces_s__rosidl_typesupport_c.so
-- Symlinking: /dev_ws_jazzy/install/delivery_robot_interfaces/lib/python3.12/site-packages/delivery_robot_interfaces/delivery_robot_interfaces_s__rosidl_typesupport_fastrtps_c.so
-- Symlinking: /dev_ws_jazzy/install/delivery_robot_interfaces/lib/python3.12/site-packages/delivery_robot_interfaces/delivery_robot_interfaces_s__rosidl_typesupport_introspection_c.so
-- Symlinking: /dev_ws_jazzy/install/delivery_robot_interfaces/lib/python3.12/site-packages/delivery_robot_interfaces/msg/__init__.py
-- Symlinking: /dev_ws_jazzy/install/delivery_robot_interfaces/lib/python3.12/site-packages/delivery_robot_interfaces/msg/_order.py
-- Symlinking: /dev_ws_jazzy/install/delivery_robot_interfaces/lib/python3.12/site-packages/delivery_robot_interfaces/msg/_order_s.c
-- Symlinking: /dev_ws_jazzy/install/delivery_robot_interfaces/lib/python3.12/site-packages/delivery_robot_interfaces/msg/_order_step.py
-- Symlinking: /dev_ws_jazzy/install/delivery_robot_interfaces/lib/python3.12/site-packages/delivery_robot_interfaces/msg/_order_step_s.c
-- Up-to-date symlink: /dev_ws_jazzy/install/delivery_robot_interfaces/lib/python3.12/site-packages/delivery_robot_interfaces/delivery_robot_interfaces_s__rosidl_typesupport_fastrtps_c.so
-- Up-to-date symlink: /dev_ws_jazzy/install/delivery_robot_interfaces/lib/python3.12/site-packages/delivery_robot_interfaces/delivery_robot_interfaces_s__rosidl_typesupport_introspection_c.so
-- Up-to-date symlink: /dev_ws_jazzy/install/delivery_robot_interfaces/lib/python3.12/site-packages/delivery_robot_interfaces/delivery_robot_interfaces_s__rosidl_typesupport_c.so
-- Symlinking: /dev_ws_jazzy/install/delivery_robot_interfaces/share/delivery_robot_interfaces/msg/OrderStep.idl
-- Symlinking: /dev_ws_jazzy/install/delivery_robot_interfaces/share/delivery_robot_interfaces/msg/Order.idl
-- Symlinking: /dev_ws_jazzy/install/delivery_robot_interfaces/share/delivery_robot_interfaces/msg/OrderStep.msg
-- Symlinking: /dev_ws_jazzy/install/delivery_robot_interfaces/share/delivery_robot_interfaces/msg/Order.msg
-- Symlinking: /dev_ws_jazzy/install/delivery_robot_interfaces/share/ament_index/resource_index/package_run_dependencies/delivery_robot_interfaces
-- Symlinking: /dev_ws_jazzy/install/delivery_robot_interfaces/share/ament_index/resource_index/parent_prefix_path/delivery_robot_interfaces
-- Symlinking: /dev_ws_jazzy/install/delivery_robot_interfaces/share/delivery_robot_interfaces/environment/ament_prefix_path.sh
-- Symlinking: /dev_ws_jazzy/install/delivery_robot_interfaces/share/delivery_robot_interfaces/environment/ament_prefix_path.dsv
-- Symlinking: /dev_ws_jazzy/install/delivery_robot_interfaces/share/delivery_robot_interfaces/environment/path.sh
-- Symlinking: /dev_ws_jazzy/install/delivery_robot_interfaces/share/delivery_robot_interfaces/environment/path.dsv
-- Symlinking: /dev_ws_jazzy/install/delivery_robot_interfaces/share/delivery_robot_interfaces/local_setup.bash
-- Symlinking: /dev_ws_jazzy/install/delivery_robot_interfaces/share/delivery_robot_interfaces/local_setup.sh
-- Symlinking: /dev_ws_jazzy/install/delivery_robot_interfaces/share/delivery_robot_interfaces/local_setup.zsh
-- Symlinking: /dev_ws_jazzy/install/delivery_robot_interfaces/share/delivery_robot_interfaces/local_setup.dsv
-- Symlinking: /dev_ws_jazzy/install/delivery_robot_interfaces/share/delivery_robot_interfaces/package.dsv
-- Symlinking: /dev_ws_jazzy/install/delivery_robot_interfaces/share/ament_index/resource_index/packages/delivery_robot_interfaces
-- Symlinking: /dev_ws_jazzy/install/delivery_robot_interfaces/share/delivery_robot_interfaces/cmake/rosidl_cmake-extras.cmake
-- Symlinking: /dev_ws_jazzy/install/delivery_robot_interfaces/share/delivery_robot_interfaces/cmake/ament_cmake_export_dependencies-extras.cmake
-- Symlinking: /dev_ws_jazzy/install/delivery_robot_interfaces/share/delivery_robot_interfaces/cmake/ament_cmake_export_include_directories-extras.cmake
-- Symlinking: /dev_ws_jazzy/install/delivery_robot_interfaces/share/delivery_robot_interfaces/cmake/ament_cmake_export_libraries-extras.cmake
-- Symlinking: /dev_ws_jazzy/install/delivery_robot_interfaces/share/delivery_robot_interfaces/cmake/ament_cmake_export_targets-extras.cmake
-- Symlinking: /dev_ws_jazzy/install/delivery_robot_interfaces/share/delivery_robot_interfaces/cmake/rosidl_cmake_export_typesupport_targets-extras.cmake
-- Symlinking: /dev_ws_jazzy/install/delivery_robot_interfaces/share/delivery_robot_interfaces/cmake/rosidl_cmake_export_typesupport_libraries-extras.cmake
-- Symlinking: /dev_ws_jazzy/install/delivery_robot_interfaces/share/delivery_robot_interfaces/cmake/delivery_robot_interfacesConfig.cmake
-- Symlinking: /dev_ws_jazzy/install/delivery_robot_interfaces/share/delivery_robot_interfaces/cmake/delivery_robot_interfacesConfig-version.cmake
-- Symlinking: /dev_ws_jazzy/install/delivery_robot_interfaces/share/delivery_robot_interfaces/package.xml
-- Installing: /dev_ws_jazzy/install/delivery_robot_interfaces/lib/libdelivery_robot_interfaces__rosidl_generator_c.so
-- Set non-toolchain portion of runtime path of "/dev_ws_jazzy/install/delivery_robot_interfaces/lib/libdelivery_robot_interfaces__rosidl_generator_c.so" to ""
-- Installing: /dev_ws_jazzy/install/delivery_robot_interfaces/lib/libdelivery_robot_interfaces__rosidl_typesupport_fastrtps_c.so
-- Set non-toolchain portion of runtime path of "/dev_ws_jazzy/install/delivery_robot_interfaces/lib/libdelivery_robot_interfaces__rosidl_typesupport_fastrtps_c.so" to ""
-- Installing: /dev_ws_jazzy/install/delivery_robot_interfaces/lib/libdelivery_robot_interfaces__rosidl_typesupport_fastrtps_cpp.so
-- Set non-toolchain portion of runtime path of "/dev_ws_jazzy/install/delivery_robot_interfaces/lib/libdelivery_robot_interfaces__rosidl_typesupport_fastrtps_cpp.so" to ""
-- Installing: /dev_ws_jazzy/install/delivery_robot_interfaces/lib/libdelivery_robot_interfaces__rosidl_typesupport_introspection_c.so
-- Set non-toolchain portion of runtime path of "/dev_ws_jazzy/install/delivery_robot_interfaces/lib/libdelivery_robot_interfaces__rosidl_typesupport_introspection_c.so" to ""
-- Installing: /dev_ws_jazzy/install/delivery_robot_interfaces/lib/libdelivery_robot_interfaces__rosidl_typesupport_c.so
-- Set non-toolchain portion of runtime path of "/dev_ws_jazzy/install/delivery_robot_interfaces/lib/libdelivery_robot_interfaces__rosidl_typesupport_c.so" to ""
-- Installing: /dev_ws_jazzy/install/delivery_robot_interfaces/lib/libdelivery_robot_interfaces__rosidl_typesupport_introspection_cpp.so
-- Set non-toolchain portion of runtime path of "/dev_ws_jazzy/install/delivery_robot_interfaces/lib/libdelivery_robot_interfaces__rosidl_typesupport_introspection_cpp.so" to ""
-- Installing: /dev_ws_jazzy/install/delivery_robot_interfaces/lib/libdelivery_robot_interfaces__rosidl_typesupport_cpp.so
-- Set non-toolchain portion of runtime path of "/dev_ws_jazzy/install/delivery_robot_interfaces/lib/libdelivery_robot_interfaces__rosidl_typesupport_cpp.so" to ""
Listing '/dev_ws_jazzy/install/delivery_robot_interfaces/lib/python3.12/site-packages/delivery_robot_interfaces'...
Compiling '/dev_ws_jazzy/install/delivery_robot_interfaces/lib/python3.12/site-packages/delivery_robot_interfaces/__init__.py'...
Listing '/dev_ws_jazzy/install/delivery_robot_interfaces/lib/python3.12/site-packages/delivery_robot_interfaces/msg'...
Compiling '/dev_ws_jazzy/install/delivery_robot_interfaces/lib/python3.12/site-packages/delivery_robot_interfaces/msg/__init__.py'...
Compiling '/dev_ws_jazzy/install/delivery_robot_interfaces/lib/python3.12/site-packages/delivery_robot_interfaces/msg/_order.py'...
Compiling '/dev_ws_jazzy/install/delivery_robot_interfaces/lib/python3.12/site-packages/delivery_robot_interfaces/msg/_order_step.py'...
-- Installing: /dev_ws_jazzy/install/delivery_robot_interfaces/lib/libdelivery_robot_interfaces__rosidl_generator_py.so
-- Set non-toolchain portion of runtime path of "/dev_ws_jazzy/install/delivery_robot_interfaces/lib/libdelivery_robot_interfaces__rosidl_generator_py.so" to ""
-- Installing: /dev_ws_jazzy/install/delivery_robot_interfaces/share/delivery_robot_interfaces/cmake/export_delivery_robot_interfaces__rosidl_generator_cExport.cmake
-- Installing: /dev_ws_jazzy/install/delivery_robot_interfaces/share/delivery_robot_interfaces/cmake/export_delivery_robot_interfaces__rosidl_generator_cExport-noconfig.cmake
-- Installing: /dev_ws_jazzy/install/delivery_robot_interfaces/share/delivery_robot_interfaces/cmake/export_delivery_robot_interfaces__rosidl_typesupport_fastrtps_cExport.cmake
-- Installing: /dev_ws_jazzy/install/delivery_robot_interfaces/share/delivery_robot_interfaces/cmake/export_delivery_robot_interfaces__rosidl_typesupport_fastrtps_cExport-noconfig.cmake
-- Installing: /dev_ws_jazzy/install/delivery_robot_interfaces/share/delivery_robot_interfaces/cmake/export_delivery_robot_interfaces__rosidl_generator_cppExport.cmake
-- Installing: /dev_ws_jazzy/install/delivery_robot_interfaces/share/delivery_robot_interfaces/cmake/export_delivery_robot_interfaces__rosidl_typesupport_fastrtps_cppExport.cmake
-- Installing: /dev_ws_jazzy/install/delivery_robot_interfaces/share/delivery_robot_interfaces/cmake/export_delivery_robot_interfaces__rosidl_typesupport_fastrtps_cppExport-noconfig.cmake
-- Installing: /dev_ws_jazzy/install/delivery_robot_interfaces/share/delivery_robot_interfaces/cmake/delivery_robot_interfaces__rosidl_typesupport_introspection_cExport.cmake
-- Installing: /dev_ws_jazzy/install/delivery_robot_interfaces/share/delivery_robot_interfaces/cmake/delivery_robot_interfaces__rosidl_typesupport_introspection_cExport-noconfig.cmake
-- Installing: /dev_ws_jazzy/install/delivery_robot_interfaces/share/delivery_robot_interfaces/cmake/delivery_robot_interfaces__rosidl_typesupport_cExport.cmake
-- Installing: /dev_ws_jazzy/install/delivery_robot_interfaces/share/delivery_robot_interfaces/cmake/delivery_robot_interfaces__rosidl_typesupport_cExport-noconfig.cmake
-- Installing: /dev_ws_jazzy/install/delivery_robot_interfaces/share/delivery_robot_interfaces/cmake/delivery_robot_interfaces__rosidl_typesupport_introspection_cppExport.cmake
-- Installing: /dev_ws_jazzy/install/delivery_robot_interfaces/share/delivery_robot_interfaces/cmake/delivery_robot_interfaces__rosidl_typesupport_introspection_cppExport-noconfig.cmake
-- Installing: /dev_ws_jazzy/install/delivery_robot_interfaces/share/delivery_robot_interfaces/cmake/delivery_robot_interfaces__rosidl_typesupport_cppExport.cmake
-- Installing: /dev_ws_jazzy/install/delivery_robot_interfaces/share/delivery_robot_interfaces/cmake/delivery_robot_interfaces__rosidl_typesupport_cppExport-noconfig.cmake
-- Installing: /dev_ws_jazzy/install/delivery_robot_interfaces/share/delivery_robot_interfaces/cmake/export_delivery_robot_interfaces__rosidl_generator_pyExport.cmake
-- Installing: /dev_ws_jazzy/install/delivery_robot_interfaces/share/delivery_robot_interfaces/cmake/export_delivery_robot_interfaces__rosidl_generator_pyExport-noconfig.cmake
