-- The C compiler identification is GNU 13.3.0
-- The CXX compiler identification is GNU 13.3.0
-- Detecting C compiler ABI info
-- Detecting C compiler ABI info - done
-- Check for working C compiler: /usr/bin/cc - skipped
-- Detecting C compile features
-- Detecting C compile features - done
-- Detecting CXX compiler ABI info
-- Detecting CXX compiler ABI info - done
-- Check for working CXX compiler: /usr/bin/c++ - skipped
-- Detecting CXX compile features
-- Detecting CXX compile features - done
-- Found ament_cmake: 2.5.4 (/opt/ros/jazzy/share/ament_cmake/cmake)
-- Found Python3: /usr/bin/python3 (found version "3.12.3") found components: Interpreter 
-- Override CMake install command with custom implementation using symlinks instead of copying resources
-- Found ament_lint_auto: 0.17.2 (/opt/ros/jazzy/share/ament_lint_auto/cmake)
-- Added test 'copyright' to check source files copyright and LICENSE
-- Added test 'flake8' to check Python code syntax and style conventions
-- Configured 'flake8' exclude dirs and/or files: 
-- Added test 'lint_cmake' to check CMake code style
-- Added test 'pep257' to check Python code against some of the docstring style conventions in PEP 257
-- Added test 'xmllint' to check XML markup files
-- Configuring done (55.8s)
-- Generating done (1.7s)
-- Build files have been written to: /dev_ws_jazzy/build/articubot_one
-- Install configuration: ""
-- Execute custom install script
-- Symlinking: /dev_ws_jazzy/install/articubot_one/share/articubot_one/config/ekf_localization.yaml
-- Symlinking: /dev_ws_jazzy/install/articubot_one/share/articubot_one/config/empty.yaml
-- Symlinking: /dev_ws_jazzy/install/articubot_one/share/articubot_one/config/gaz_ros2_ctl_use_sim.yaml
-- Symlinking: /dev_ws_jazzy/install/articubot_one/share/articubot_one/config/gz_bridge.yaml
-- Symlinking: /dev_ws_jazzy/install/articubot_one/share/articubot_one/config/main.rviz
-- Symlinking: /dev_ws_jazzy/install/articubot_one/share/articubot_one/config/mapper_params_online_async.yaml
-- Symlinking: /dev_ws_jazzy/install/articubot_one/share/articubot_one/config/my_controllers.yaml
-- Symlinking: /dev_ws_jazzy/install/articubot_one/share/articubot_one/config/twist_mux.yaml
-- Symlinking: /dev_ws_jazzy/install/articubot_one/share/articubot_one/description/gazebo_control.xacro
-- Symlinking: /dev_ws_jazzy/install/articubot_one/share/articubot_one/description/imu.xacro
-- Symlinking: /dev_ws_jazzy/install/articubot_one/share/articubot_one/description/inertial_macros.xacro
-- Symlinking: /dev_ws_jazzy/install/articubot_one/share/articubot_one/description/lidar.xacro
-- Symlinking: /dev_ws_jazzy/install/articubot_one/share/articubot_one/description/robot.urdf.xacro
-- Symlinking: /dev_ws_jazzy/install/articubot_one/share/articubot_one/description/robot_core.xacro
-- Symlinking: /dev_ws_jazzy/install/articubot_one/share/articubot_one/description/ros2_control.xacro
-- Symlinking: /dev_ws_jazzy/install/articubot_one/share/articubot_one/launch/launch_robot.launch.py
-- Symlinking: /dev_ws_jazzy/install/articubot_one/share/articubot_one/launch/launch_sim.launch.py
-- Symlinking: /dev_ws_jazzy/install/articubot_one/share/articubot_one/launch/multi_robot.launch.py
-- Symlinking: /dev_ws_jazzy/install/articubot_one/share/articubot_one/launch/rplidar.launch.py
-- Symlinking: /dev_ws_jazzy/install/articubot_one/share/articubot_one/launch/rsp.launch.py
-- Symlinking: /dev_ws_jazzy/install/articubot_one/share/articubot_one/worlds/empty.world
-- Symlinking: /dev_ws_jazzy/install/articubot_one/share/articubot_one/worlds/swinburne.world
-- Symlinking: /dev_ws_jazzy/install/articubot_one/share/articubot_one/worlds/swinburne_E2.sdf
-- Symlinking: /dev_ws_jazzy/install/articubot_one/share/ament_index/resource_index/package_run_dependencies/articubot_one
-- Symlinking: /dev_ws_jazzy/install/articubot_one/share/ament_index/resource_index/parent_prefix_path/articubot_one
-- Symlinking: /dev_ws_jazzy/install/articubot_one/share/articubot_one/environment/ament_prefix_path.sh
-- Symlinking: /dev_ws_jazzy/install/articubot_one/share/articubot_one/environment/ament_prefix_path.dsv
-- Symlinking: /dev_ws_jazzy/install/articubot_one/share/articubot_one/environment/path.sh
-- Symlinking: /dev_ws_jazzy/install/articubot_one/share/articubot_one/environment/path.dsv
-- Symlinking: /dev_ws_jazzy/install/articubot_one/share/articubot_one/local_setup.bash
-- Symlinking: /dev_ws_jazzy/install/articubot_one/share/articubot_one/local_setup.sh
-- Symlinking: /dev_ws_jazzy/install/articubot_one/share/articubot_one/local_setup.zsh
-- Symlinking: /dev_ws_jazzy/install/articubot_one/share/articubot_one/local_setup.dsv
-- Symlinking: /dev_ws_jazzy/install/articubot_one/share/articubot_one/package.dsv
-- Symlinking: /dev_ws_jazzy/install/articubot_one/share/ament_index/resource_index/packages/articubot_one
-- Symlinking: /dev_ws_jazzy/install/articubot_one/share/articubot_one/cmake/articubot_oneConfig.cmake
-- Symlinking: /dev_ws_jazzy/install/articubot_one/share/articubot_one/cmake/articubot_oneConfig-version.cmake
-- Symlinking: /dev_ws_jazzy/install/articubot_one/share/articubot_one/package.xml
