[0.390s] Invoking command in '/dev_ws_jazzy/build/delivery_robot_interfaces': CMAKE_PREFIX_PATH=${CMAKE_PREFIX_PATH}:/opt/ros/jazzy /usr/bin/cmake /dev_ws_jazzy/src/delivery_robot_interfaces -DAMENT_CMAKE_SYMLINK_INSTALL=1 -DCMAKE_INSTALL_PREFIX=/dev_ws_jazzy/install/delivery_robot_interfaces
[1.589s] -- The C compiler identification is GNU 13.3.0
[2.289s] -- The CXX compiler identification is GNU 13.3.0
[2.468s] -- Detecting C compiler ABI info
[5.939s] -- Detecting C compiler ABI info - done
[6.102s] -- Check for working C compiler: /usr/bin/cc - skipped
[6.105s] -- Detecting C compile features
[6.108s] -- Detecting C compile features - done
[6.389s] -- Detecting CXX compiler ABI info
[10.108s] -- Detecting CXX compiler ABI info - done
[10.344s] -- Check for working CXX compiler: /usr/bin/c++ - skipped
[10.363s] -- Detecting CXX compile features
[10.366s] -- Detecting CXX compile features - done
[10.666s] -- Found ament_cmake: 2.5.4 (/opt/ros/jazzy/share/ament_cmake/cmake)
[11.157s] -- Found Python3: /usr/bin/python3 (found version "3.12.3") found components: Interpreter 
[11.600s] -- Override CMake install command with custom implementation using symlinks instead of copying resources
[13.811s] -- Found geometry_msgs: 5.3.6 (/opt/ros/jazzy/share/geometry_msgs/cmake)
[15.048s] -- Found rosidl_generator_c: 4.6.5 (/opt/ros/jazzy/share/rosidl_generator_c/cmake)
[15.648s] -- Found rosidl_generator_cpp: 4.6.5 (/opt/ros/jazzy/share/rosidl_generator_cpp/cmake)
[16.059s] -- Using all available rosidl_typesupport_c: rosidl_typesupport_fastrtps_c;rosidl_typesupport_introspection_c
[16.471s] -- Using all available rosidl_typesupport_cpp: rosidl_typesupport_fastrtps_cpp;rosidl_typesupport_introspection_cpp
[17.169s] -- Found rosidl_default_generators: 1.6.0 (/opt/ros/jazzy/share/rosidl_default_generators/cmake)
[17.803s] -- Found rosidl_adapter: 4.6.5 (/opt/ros/jazzy/share/rosidl_adapter/cmake)
[26.545s] -- Found ament_cmake_ros: 0.12.0 (/opt/ros/jazzy/share/ament_cmake_ros/cmake)
[57.848s] -- Using all available rosidl_typesupport_c: rosidl_typesupport_fastrtps_c;rosidl_typesupport_introspection_c
[62.303s] -- Using all available rosidl_typesupport_cpp: rosidl_typesupport_fastrtps_cpp;rosidl_typesupport_introspection_cpp
[62.364s] -- Found python_cmake_module: 0.11.1 (/opt/ros/jazzy/share/python_cmake_module/cmake)
[62.841s] -- Found PythonExtra: /usr/bin/python3  
[64.960s] -- Found Python3: /usr/bin/python3 (found version "3.12.3") found components: Interpreter Development NumPy Development.Module Development.Embed 
[68.609s] -- Configuring done (68.1s)
[73.070s] -- Generating done (3.7s)
[75.367s] -- Build files have been written to: /dev_ws_jazzy/build/delivery_robot_interfaces
