[0.337s] DEBUG:colcon:Command line arguments: ['/usr/bin/colcon', 'build', '--symlink-install']
[0.338s] DEBUG:colcon:Parsed command line arguments: Namespace(log_base=None, log_level=None, verb_name='build', build_base='build', install_base='install', merge_install=False, symlink_install=True, test_result_base=None, continue_on_error=False, executor='parallel', parallel_workers=16, event_handlers=None, ignore_user_meta=False, metas=['./colcon.meta'], base_paths=['.'], packages_ignore=None, packages_ignore_regex=None, paths=None, packages_up_to=None, packages_up_to_regex=None, packages_above=None, packages_above_and_dependencies=None, packages_above_depth=None, packages_select_by_dep=None, packages_skip_by_dep=None, packages_skip_up_to=None, packages_select_build_failed=False, packages_skip_build_finished=False, packages_select_test_failures=False, packages_skip_test_passed=False, packages_select=None, packages_skip=None, packages_select_regex=None, packages_skip_regex=None, packages_start=None, packages_end=None, cmake_args=None, cmake_target=None, cmake_target_skip_unavailable=False, cmake_clean_cache=False, cmake_clean_first=False, cmake_force_configure=False, ament_cmake_args=None, catkin_cmake_args=None, catkin_skip_building_tests=False, mixin_files=None, mixin=None, verb_parser=<colcon_mixin.mixin.mixin_argument.MixinArgumentDecorator object at 0x7f52152d9700>, verb_extension=<colcon_core.verb.build.BuildVerb object at 0x7f5215288a40>, main=<bound method BuildVerb.main of <colcon_core.verb.build.BuildVerb object at 0x7f5215288a40>>, mixin_verb=('build',))
[0.488s] Level 1:colcon.colcon_core.package_discovery:discover_packages(colcon_meta) check parameters
[0.490s] Level 1:colcon.colcon_core.package_discovery:discover_packages(recursive) check parameters
[0.491s] Level 1:colcon.colcon_core.package_discovery:discover_packages(ignore) check parameters
[0.491s] Level 1:colcon.colcon_core.package_discovery:discover_packages(path) check parameters
[0.492s] Level 1:colcon.colcon_core.package_discovery:discover_packages(colcon_meta) discover
[0.493s] Level 1:colcon.colcon_core.package_discovery:discover_packages(recursive) discover
[0.494s] INFO:colcon.colcon_core.package_discovery:Crawling recursively for packages in '/dev_ws_jazzy'
[0.506s] Level 1:colcon.colcon_core.package_identification:_identify(.) by extensions ['ignore', 'ignore_ament_install']
[0.508s] Level 1:colcon.colcon_core.package_identification:_identify(.) by extension 'ignore'
[0.512s] Level 1:colcon.colcon_core.package_identification:_identify(.) by extension 'ignore_ament_install'
[0.518s] Level 1:colcon.colcon_core.package_identification:_identify(.) by extensions ['colcon_pkg']
[0.518s] Level 1:colcon.colcon_core.package_identification:_identify(.) by extension 'colcon_pkg'
[0.519s] Level 1:colcon.colcon_core.package_identification:_identify(.) by extensions ['colcon_meta']
[0.520s] Level 1:colcon.colcon_core.package_identification:_identify(.) by extension 'colcon_meta'
[0.520s] Level 1:colcon.colcon_core.package_identification:_identify(.) by extensions ['ros']
[0.520s] Level 1:colcon.colcon_core.package_identification:_identify(.) by extension 'ros'
[0.579s] Level 1:colcon.colcon_core.package_identification:_identify(.) by extensions ['cmake', 'python']
[0.580s] Level 1:colcon.colcon_core.package_identification:_identify(.) by extension 'cmake'
[0.582s] Level 1:colcon.colcon_core.package_identification:_identify(.) by extension 'python'
[0.582s] Level 1:colcon.colcon_core.package_identification:_identify(.) by extensions ['python_setup_py']
[0.583s] Level 1:colcon.colcon_core.package_identification:_identify(.) by extension 'python_setup_py'
[0.588s] Level 1:colcon.colcon_core.package_identification:_identify(build) by extensions ['ignore', 'ignore_ament_install']
[0.588s] Level 1:colcon.colcon_core.package_identification:_identify(build) by extension 'ignore'
[0.594s] Level 1:colcon.colcon_core.package_identification:_identify(build) ignored
[0.606s] Level 1:colcon.colcon_core.package_identification:_identify(install) by extensions ['ignore', 'ignore_ament_install']
[0.607s] Level 1:colcon.colcon_core.package_identification:_identify(install) by extension 'ignore'
[0.609s] Level 1:colcon.colcon_core.package_identification:_identify(install) ignored
[0.616s] Level 1:colcon.colcon_core.package_identification:_identify(log) by extensions ['ignore', 'ignore_ament_install']
[0.616s] Level 1:colcon.colcon_core.package_identification:_identify(log) by extension 'ignore'
[0.620s] Level 1:colcon.colcon_core.package_identification:_identify(log) ignored
[0.624s] Level 1:colcon.colcon_core.package_identification:_identify(src) by extensions ['ignore', 'ignore_ament_install']
[0.625s] Level 1:colcon.colcon_core.package_identification:_identify(src) by extension 'ignore'
[0.626s] Level 1:colcon.colcon_core.package_identification:_identify(src) by extension 'ignore_ament_install'
[0.628s] Level 1:colcon.colcon_core.package_identification:_identify(src) by extensions ['colcon_pkg']
[0.628s] Level 1:colcon.colcon_core.package_identification:_identify(src) by extension 'colcon_pkg'
[0.631s] Level 1:colcon.colcon_core.package_identification:_identify(src) by extensions ['colcon_meta']
[0.632s] Level 1:colcon.colcon_core.package_identification:_identify(src) by extension 'colcon_meta'
[0.637s] Level 1:colcon.colcon_core.package_identification:_identify(src) by extensions ['ros']
[0.642s] Level 1:colcon.colcon_core.package_identification:_identify(src) by extension 'ros'
[0.656s] Level 1:colcon.colcon_core.package_identification:_identify(src) by extensions ['cmake', 'python']
[0.658s] Level 1:colcon.colcon_core.package_identification:_identify(src) by extension 'cmake'
[0.660s] Level 1:colcon.colcon_core.package_identification:_identify(src) by extension 'python'
[0.661s] Level 1:colcon.colcon_core.package_identification:_identify(src) by extensions ['python_setup_py']
[0.662s] Level 1:colcon.colcon_core.package_identification:_identify(src) by extension 'python_setup_py'
[0.693s] Level 1:colcon.colcon_core.package_identification:_identify(src/articubot_one) by extensions ['ignore', 'ignore_ament_install']
[0.693s] Level 1:colcon.colcon_core.package_identification:_identify(src/articubot_one) by extension 'ignore'
[0.695s] Level 1:colcon.colcon_core.package_identification:_identify(src/articubot_one) by extension 'ignore_ament_install'
[0.711s] Level 1:colcon.colcon_core.package_identification:_identify(src/articubot_one) by extensions ['colcon_pkg']
[0.712s] Level 1:colcon.colcon_core.package_identification:_identify(src/articubot_one) by extension 'colcon_pkg'
[0.720s] Level 1:colcon.colcon_core.package_identification:_identify(src/articubot_one) by extensions ['colcon_meta']
[0.722s] Level 1:colcon.colcon_core.package_identification:_identify(src/articubot_one) by extension 'colcon_meta'
[0.739s] Level 1:colcon.colcon_core.package_identification:_identify(src/articubot_one) by extensions ['ros']
[0.740s] Level 1:colcon.colcon_core.package_identification:_identify(src/articubot_one) by extension 'ros'
[0.774s] DEBUG:colcon.colcon_core.package_identification:Package 'src/articubot_one' with type 'ros.ament_cmake' and name 'articubot_one'
[0.787s] Level 1:colcon.colcon_core.package_identification:_identify(src/delivery_robot_interfaces) by extensions ['ignore', 'ignore_ament_install']
[0.787s] Level 1:colcon.colcon_core.package_identification:_identify(src/delivery_robot_interfaces) by extension 'ignore'
[0.790s] Level 1:colcon.colcon_core.package_identification:_identify(src/delivery_robot_interfaces) by extension 'ignore_ament_install'
[0.795s] Level 1:colcon.colcon_core.package_identification:_identify(src/delivery_robot_interfaces) by extensions ['colcon_pkg']
[0.796s] Level 1:colcon.colcon_core.package_identification:_identify(src/delivery_robot_interfaces) by extension 'colcon_pkg'
[0.798s] Level 1:colcon.colcon_core.package_identification:_identify(src/delivery_robot_interfaces) by extensions ['colcon_meta']
[0.798s] Level 1:colcon.colcon_core.package_identification:_identify(src/delivery_robot_interfaces) by extension 'colcon_meta'
[0.801s] Level 1:colcon.colcon_core.package_identification:_identify(src/delivery_robot_interfaces) by extensions ['ros']
[0.802s] Level 1:colcon.colcon_core.package_identification:_identify(src/delivery_robot_interfaces) by extension 'ros'
[0.822s] DEBUG:colcon.colcon_core.package_identification:Package 'src/delivery_robot_interfaces' with type 'ros.ament_cmake' and name 'delivery_robot_interfaces'
[0.829s] Level 1:colcon.colcon_core.package_identification:_identify(src/diffdrive_arduino) by extensions ['ignore', 'ignore_ament_install']
[0.834s] Level 1:colcon.colcon_core.package_identification:_identify(src/diffdrive_arduino) by extension 'ignore'
[0.836s] Level 1:colcon.colcon_core.package_identification:_identify(src/diffdrive_arduino) by extension 'ignore_ament_install'
[0.839s] Level 1:colcon.colcon_core.package_identification:_identify(src/diffdrive_arduino) by extensions ['colcon_pkg']
[0.840s] Level 1:colcon.colcon_core.package_identification:_identify(src/diffdrive_arduino) by extension 'colcon_pkg'
[0.842s] Level 1:colcon.colcon_core.package_identification:_identify(src/diffdrive_arduino) by extensions ['colcon_meta']
[0.843s] Level 1:colcon.colcon_core.package_identification:_identify(src/diffdrive_arduino) by extension 'colcon_meta'
[0.845s] Level 1:colcon.colcon_core.package_identification:_identify(src/diffdrive_arduino) by extensions ['ros']
[0.846s] Level 1:colcon.colcon_core.package_identification:_identify(src/diffdrive_arduino) by extension 'ros'
[0.863s] DEBUG:colcon.colcon_core.package_identification:Package 'src/diffdrive_arduino' with type 'ros.ament_cmake' and name 'diffdrive_arduino'
[0.871s] Level 1:colcon.colcon_core.package_identification:_identify(src/order_generator) by extensions ['ignore', 'ignore_ament_install']
[0.871s] Level 1:colcon.colcon_core.package_identification:_identify(src/order_generator) by extension 'ignore'
[0.874s] Level 1:colcon.colcon_core.package_identification:_identify(src/order_generator) by extension 'ignore_ament_install'
[0.882s] Level 1:colcon.colcon_core.package_identification:_identify(src/order_generator) by extensions ['colcon_pkg']
[0.884s] Level 1:colcon.colcon_core.package_identification:_identify(src/order_generator) by extension 'colcon_pkg'
[0.886s] Level 1:colcon.colcon_core.package_identification:_identify(src/order_generator) by extensions ['colcon_meta']
[0.886s] Level 1:colcon.colcon_core.package_identification:_identify(src/order_generator) by extension 'colcon_meta'
[0.895s] Level 1:colcon.colcon_core.package_identification:_identify(src/order_generator) by extensions ['ros']
[0.897s] Level 1:colcon.colcon_core.package_identification:_identify(src/order_generator) by extension 'ros'
[0.933s] DEBUG:colcon.colcon_core.package_identification:Package 'src/order_generator' with type 'ros.ament_python' and name 'order_generator'
[0.941s] Level 1:colcon.colcon_core.package_identification:_identify(src/rplidar_ros) by extensions ['ignore', 'ignore_ament_install']
[0.941s] Level 1:colcon.colcon_core.package_identification:_identify(src/rplidar_ros) by extension 'ignore'
[0.944s] Level 1:colcon.colcon_core.package_identification:_identify(src/rplidar_ros) by extension 'ignore_ament_install'
[0.950s] Level 1:colcon.colcon_core.package_identification:_identify(src/rplidar_ros) by extensions ['colcon_pkg']
[0.950s] Level 1:colcon.colcon_core.package_identification:_identify(src/rplidar_ros) by extension 'colcon_pkg'
[0.952s] Level 1:colcon.colcon_core.package_identification:_identify(src/rplidar_ros) by extensions ['colcon_meta']
[0.953s] Level 1:colcon.colcon_core.package_identification:_identify(src/rplidar_ros) by extension 'colcon_meta'
[0.955s] Level 1:colcon.colcon_core.package_identification:_identify(src/rplidar_ros) by extensions ['ros']
[0.956s] Level 1:colcon.colcon_core.package_identification:_identify(src/rplidar_ros) by extension 'ros'
[0.973s] DEBUG:colcon.colcon_core.package_identification:Package 'src/rplidar_ros' with type 'ros.ament_cmake' and name 'rplidar_ros'
[0.973s] Level 1:colcon.colcon_core.package_discovery:discover_packages(recursive) using defaults
[0.974s] Level 1:colcon.colcon_core.package_discovery:discover_packages(ignore) discover
[0.974s] Level 1:colcon.colcon_core.package_discovery:discover_packages(ignore) using defaults
[0.974s] Level 1:colcon.colcon_core.package_discovery:discover_packages(path) discover
[0.975s] Level 1:colcon.colcon_core.package_discovery:discover_packages(path) using defaults
[1.074s] Level 5:colcon.colcon_core.verb:set package 'articubot_one' build argument 'cmake_args' from command line to 'None'
[1.074s] Level 5:colcon.colcon_core.verb:set package 'articubot_one' build argument 'cmake_target' from command line to 'None'
[1.075s] Level 5:colcon.colcon_core.verb:set package 'articubot_one' build argument 'cmake_target_skip_unavailable' from command line to 'False'
[1.076s] Level 5:colcon.colcon_core.verb:set package 'articubot_one' build argument 'cmake_clean_cache' from command line to 'False'
[1.076s] Level 5:colcon.colcon_core.verb:set package 'articubot_one' build argument 'cmake_clean_first' from command line to 'False'
[1.077s] Level 5:colcon.colcon_core.verb:set package 'articubot_one' build argument 'cmake_force_configure' from command line to 'False'
[1.077s] Level 5:colcon.colcon_core.verb:set package 'articubot_one' build argument 'ament_cmake_args' from command line to 'None'
[1.078s] Level 5:colcon.colcon_core.verb:set package 'articubot_one' build argument 'catkin_cmake_args' from command line to 'None'
[1.078s] Level 5:colcon.colcon_core.verb:set package 'articubot_one' build argument 'catkin_skip_building_tests' from command line to 'False'
[1.079s] DEBUG:colcon.colcon_core.verb:Building package 'articubot_one' with the following arguments: {'ament_cmake_args': None, 'build_base': '/dev_ws_jazzy/build/articubot_one', 'catkin_cmake_args': None, 'catkin_skip_building_tests': False, 'cmake_args': None, 'cmake_clean_cache': False, 'cmake_clean_first': False, 'cmake_force_configure': False, 'cmake_target': None, 'cmake_target_skip_unavailable': False, 'install_base': '/dev_ws_jazzy/install/articubot_one', 'merge_install': False, 'path': '/dev_ws_jazzy/src/articubot_one', 'symlink_install': True, 'test_result_base': None}
[1.079s] Level 5:colcon.colcon_core.verb:set package 'delivery_robot_interfaces' build argument 'cmake_args' from command line to 'None'
[1.080s] Level 5:colcon.colcon_core.verb:set package 'delivery_robot_interfaces' build argument 'cmake_target' from command line to 'None'
[1.080s] Level 5:colcon.colcon_core.verb:set package 'delivery_robot_interfaces' build argument 'cmake_target_skip_unavailable' from command line to 'False'
[1.084s] Level 5:colcon.colcon_core.verb:set package 'delivery_robot_interfaces' build argument 'cmake_clean_cache' from command line to 'False'
[1.085s] Level 5:colcon.colcon_core.verb:set package 'delivery_robot_interfaces' build argument 'cmake_clean_first' from command line to 'False'
[1.086s] Level 5:colcon.colcon_core.verb:set package 'delivery_robot_interfaces' build argument 'cmake_force_configure' from command line to 'False'
[1.088s] Level 5:colcon.colcon_core.verb:set package 'delivery_robot_interfaces' build argument 'ament_cmake_args' from command line to 'None'
[1.088s] Level 5:colcon.colcon_core.verb:set package 'delivery_robot_interfaces' build argument 'catkin_cmake_args' from command line to 'None'
[1.089s] Level 5:colcon.colcon_core.verb:set package 'delivery_robot_interfaces' build argument 'catkin_skip_building_tests' from command line to 'False'
[1.089s] DEBUG:colcon.colcon_core.verb:Building package 'delivery_robot_interfaces' with the following arguments: {'ament_cmake_args': None, 'build_base': '/dev_ws_jazzy/build/delivery_robot_interfaces', 'catkin_cmake_args': None, 'catkin_skip_building_tests': False, 'cmake_args': None, 'cmake_clean_cache': False, 'cmake_clean_first': False, 'cmake_force_configure': False, 'cmake_target': None, 'cmake_target_skip_unavailable': False, 'install_base': '/dev_ws_jazzy/install/delivery_robot_interfaces', 'merge_install': False, 'path': '/dev_ws_jazzy/src/delivery_robot_interfaces', 'symlink_install': True, 'test_result_base': None}
[1.090s] Level 5:colcon.colcon_core.verb:set package 'diffdrive_arduino' build argument 'cmake_args' from command line to 'None'
[1.091s] Level 5:colcon.colcon_core.verb:set package 'diffdrive_arduino' build argument 'cmake_target' from command line to 'None'
[1.091s] Level 5:colcon.colcon_core.verb:set package 'diffdrive_arduino' build argument 'cmake_target_skip_unavailable' from command line to 'False'
[1.092s] Level 5:colcon.colcon_core.verb:set package 'diffdrive_arduino' build argument 'cmake_clean_cache' from command line to 'False'
[1.092s] Level 5:colcon.colcon_core.verb:set package 'diffdrive_arduino' build argument 'cmake_clean_first' from command line to 'False'
[1.092s] Level 5:colcon.colcon_core.verb:set package 'diffdrive_arduino' build argument 'cmake_force_configure' from command line to 'False'
[1.093s] Level 5:colcon.colcon_core.verb:set package 'diffdrive_arduino' build argument 'ament_cmake_args' from command line to 'None'
[1.093s] Level 5:colcon.colcon_core.verb:set package 'diffdrive_arduino' build argument 'catkin_cmake_args' from command line to 'None'
[1.094s] Level 5:colcon.colcon_core.verb:set package 'diffdrive_arduino' build argument 'catkin_skip_building_tests' from command line to 'False'
[1.094s] DEBUG:colcon.colcon_core.verb:Building package 'diffdrive_arduino' with the following arguments: {'ament_cmake_args': None, 'build_base': '/dev_ws_jazzy/build/diffdrive_arduino', 'catkin_cmake_args': None, 'catkin_skip_building_tests': False, 'cmake_args': None, 'cmake_clean_cache': False, 'cmake_clean_first': False, 'cmake_force_configure': False, 'cmake_target': None, 'cmake_target_skip_unavailable': False, 'install_base': '/dev_ws_jazzy/install/diffdrive_arduino', 'merge_install': False, 'path': '/dev_ws_jazzy/src/diffdrive_arduino', 'symlink_install': True, 'test_result_base': None}
[1.095s] Level 5:colcon.colcon_core.verb:set package 'rplidar_ros' build argument 'cmake_args' from command line to 'None'
[1.096s] Level 5:colcon.colcon_core.verb:set package 'rplidar_ros' build argument 'cmake_target' from command line to 'None'
[1.097s] Level 5:colcon.colcon_core.verb:set package 'rplidar_ros' build argument 'cmake_target_skip_unavailable' from command line to 'False'
[1.097s] Level 5:colcon.colcon_core.verb:set package 'rplidar_ros' build argument 'cmake_clean_cache' from command line to 'False'
[1.098s] Level 5:colcon.colcon_core.verb:set package 'rplidar_ros' build argument 'cmake_clean_first' from command line to 'False'
[1.098s] Level 5:colcon.colcon_core.verb:set package 'rplidar_ros' build argument 'cmake_force_configure' from command line to 'False'
[1.099s] Level 5:colcon.colcon_core.verb:set package 'rplidar_ros' build argument 'ament_cmake_args' from command line to 'None'
[1.099s] Level 5:colcon.colcon_core.verb:set package 'rplidar_ros' build argument 'catkin_cmake_args' from command line to 'None'
[1.100s] Level 5:colcon.colcon_core.verb:set package 'rplidar_ros' build argument 'catkin_skip_building_tests' from command line to 'False'
[1.100s] DEBUG:colcon.colcon_core.verb:Building package 'rplidar_ros' with the following arguments: {'ament_cmake_args': None, 'build_base': '/dev_ws_jazzy/build/rplidar_ros', 'catkin_cmake_args': None, 'catkin_skip_building_tests': False, 'cmake_args': None, 'cmake_clean_cache': False, 'cmake_clean_first': False, 'cmake_force_configure': False, 'cmake_target': None, 'cmake_target_skip_unavailable': False, 'install_base': '/dev_ws_jazzy/install/rplidar_ros', 'merge_install': False, 'path': '/dev_ws_jazzy/src/rplidar_ros', 'symlink_install': True, 'test_result_base': None}
[1.101s] Level 5:colcon.colcon_core.verb:set package 'order_generator' build argument 'cmake_args' from command line to 'None'
[1.101s] Level 5:colcon.colcon_core.verb:set package 'order_generator' build argument 'cmake_target' from command line to 'None'
[1.102s] Level 5:colcon.colcon_core.verb:set package 'order_generator' build argument 'cmake_target_skip_unavailable' from command line to 'False'
[1.102s] Level 5:colcon.colcon_core.verb:set package 'order_generator' build argument 'cmake_clean_cache' from command line to 'False'
[1.103s] Level 5:colcon.colcon_core.verb:set package 'order_generator' build argument 'cmake_clean_first' from command line to 'False'
[1.103s] Level 5:colcon.colcon_core.verb:set package 'order_generator' build argument 'cmake_force_configure' from command line to 'False'
[1.103s] Level 5:colcon.colcon_core.verb:set package 'order_generator' build argument 'ament_cmake_args' from command line to 'None'
[1.103s] Level 5:colcon.colcon_core.verb:set package 'order_generator' build argument 'catkin_cmake_args' from command line to 'None'
[1.104s] Level 5:colcon.colcon_core.verb:set package 'order_generator' build argument 'catkin_skip_building_tests' from command line to 'False'
[1.104s] DEBUG:colcon.colcon_core.verb:Building package 'order_generator' with the following arguments: {'ament_cmake_args': None, 'build_base': '/dev_ws_jazzy/build/order_generator', 'catkin_cmake_args': None, 'catkin_skip_building_tests': False, 'cmake_args': None, 'cmake_clean_cache': False, 'cmake_clean_first': False, 'cmake_force_configure': False, 'cmake_target': None, 'cmake_target_skip_unavailable': False, 'install_base': '/dev_ws_jazzy/install/order_generator', 'merge_install': False, 'path': '/dev_ws_jazzy/src/order_generator', 'symlink_install': True, 'test_result_base': None}
[1.105s] INFO:colcon.colcon_core.executor:Executing jobs using 'parallel' executor
[1.107s] DEBUG:colcon.colcon_parallel_executor.executor.parallel:run_until_complete
[1.107s] INFO:colcon.colcon_ros.task.ament_cmake.build:Building ROS package in '/dev_ws_jazzy/src/delivery_robot_interfaces' with build type 'ament_cmake'
[1.108s] INFO:colcon.colcon_cmake.task.cmake.build:Building CMake package in '/dev_ws_jazzy/src/delivery_robot_interfaces'
[1.128s] INFO:colcon.colcon_core.plugin_system:Skipping extension 'colcon_core.shell.bat': Not used on non-Windows systems
[1.129s] INFO:colcon.colcon_core.shell:Skip shell extension 'powershell' for command environment: Not usable outside of PowerShell
[1.129s] DEBUG:colcon.colcon_core.shell:Skip shell extension 'dsv' for command environment
[1.164s] INFO:colcon.colcon_ros.task.ament_cmake.build:Building ROS package in '/dev_ws_jazzy/src/articubot_one' with build type 'ament_cmake'
[1.165s] INFO:colcon.colcon_cmake.task.cmake.build:Building CMake package in '/dev_ws_jazzy/src/articubot_one'
[1.166s] INFO:colcon.colcon_core.shell:Skip shell extension 'powershell' for command environment: Not usable outside of PowerShell
[1.167s] DEBUG:colcon.colcon_core.shell:Skip shell extension 'dsv' for command environment
[1.193s] INFO:colcon.colcon_ros.task.ament_cmake.build:Building ROS package in '/dev_ws_jazzy/src/diffdrive_arduino' with build type 'ament_cmake'
[1.195s] INFO:colcon.colcon_cmake.task.cmake.build:Building CMake package in '/dev_ws_jazzy/src/diffdrive_arduino'
[1.197s] INFO:colcon.colcon_core.shell:Skip shell extension 'powershell' for command environment: Not usable outside of PowerShell
[1.198s] DEBUG:colcon.colcon_core.shell:Skip shell extension 'dsv' for command environment
[1.220s] INFO:colcon.colcon_ros.task.ament_cmake.build:Building ROS package in '/dev_ws_jazzy/src/rplidar_ros' with build type 'ament_cmake'
[1.221s] INFO:colcon.colcon_cmake.task.cmake.build:Building CMake package in '/dev_ws_jazzy/src/rplidar_ros'
[1.225s] INFO:colcon.colcon_core.shell:Skip shell extension 'powershell' for command environment: Not usable outside of PowerShell
[1.229s] DEBUG:colcon.colcon_core.shell:Skip shell extension 'dsv' for command environment
[1.534s] DEBUG:colcon.colcon_core.event_handler.log_command:Invoking command in '/dev_ws_jazzy/build/delivery_robot_interfaces': CMAKE_PREFIX_PATH=${CMAKE_PREFIX_PATH}:/opt/ros/jazzy /usr/bin/cmake /dev_ws_jazzy/src/delivery_robot_interfaces -DAMENT_CMAKE_SYMLINK_INSTALL=1 -DCMAKE_INSTALL_PREFIX=/dev_ws_jazzy/install/delivery_robot_interfaces
[1.689s] DEBUG:colcon.colcon_core.event_handler.log_command:Invoking command in '/dev_ws_jazzy/build/articubot_one': CMAKE_PREFIX_PATH=${CMAKE_PREFIX_PATH}:/opt/ros/jazzy /usr/bin/cmake /dev_ws_jazzy/src/articubot_one -DAMENT_CMAKE_SYMLINK_INSTALL=1 -DCMAKE_INSTALL_PREFIX=/dev_ws_jazzy/install/articubot_one
[1.890s] DEBUG:colcon.colcon_core.event_handler.log_command:Invoking command in '/dev_ws_jazzy/build/diffdrive_arduino': CMAKE_PREFIX_PATH=${CMAKE_PREFIX_PATH}:/opt/ros/jazzy /usr/bin/cmake /dev_ws_jazzy/src/diffdrive_arduino -DAMENT_CMAKE_SYMLINK_INSTALL=1 -DCMAKE_INSTALL_PREFIX=/dev_ws_jazzy/install/diffdrive_arduino
[2.092s] DEBUG:colcon.colcon_core.event_handler.log_command:Invoking command in '/dev_ws_jazzy/build/rplidar_ros': CMAKE_PREFIX_PATH=${CMAKE_PREFIX_PATH}:/opt/ros/jazzy /usr/bin/cmake /dev_ws_jazzy/src/rplidar_ros -DAMENT_CMAKE_SYMLINK_INSTALL=1 -DCMAKE_INSTALL_PREFIX=/dev_ws_jazzy/install/rplidar_ros
[36.371s] DEBUG:colcon.colcon_core.event_handler.log_command:Invoked command in '/dev_ws_jazzy/build/rplidar_ros' returned '0': CMAKE_PREFIX_PATH=${CMAKE_PREFIX_PATH}:/opt/ros/jazzy /usr/bin/cmake /dev_ws_jazzy/src/rplidar_ros -DAMENT_CMAKE_SYMLINK_INSTALL=1 -DCMAKE_INSTALL_PREFIX=/dev_ws_jazzy/install/rplidar_ros
[36.424s] DEBUG:colcon.colcon_core.event_handler.log_command:Invoking command in '/dev_ws_jazzy/build/rplidar_ros': CMAKE_PREFIX_PATH=${CMAKE_PREFIX_PATH}:/opt/ros/jazzy /usr/bin/cmake --build /dev_ws_jazzy/build/rplidar_ros -- -j16 -l16
[41.611s] DEBUG:colcon.colcon_core.event_handler.log_command:Invoked command in '/dev_ws_jazzy/build/diffdrive_arduino' returned '0': CMAKE_PREFIX_PATH=${CMAKE_PREFIX_PATH}:/opt/ros/jazzy /usr/bin/cmake /dev_ws_jazzy/src/diffdrive_arduino -DAMENT_CMAKE_SYMLINK_INSTALL=1 -DCMAKE_INSTALL_PREFIX=/dev_ws_jazzy/install/diffdrive_arduino
[41.862s] DEBUG:colcon.colcon_core.event_handler.log_command:Invoking command in '/dev_ws_jazzy/build/diffdrive_arduino': CMAKE_PREFIX_PATH=${CMAKE_PREFIX_PATH}:/opt/ros/jazzy /usr/bin/cmake --build /dev_ws_jazzy/build/diffdrive_arduino -- -j16 -l16
[61.807s] DEBUG:colcon.colcon_core.event_handler.log_command:Invoked command in '/dev_ws_jazzy/build/articubot_one' returned '0': CMAKE_PREFIX_PATH=${CMAKE_PREFIX_PATH}:/opt/ros/jazzy /usr/bin/cmake /dev_ws_jazzy/src/articubot_one -DAMENT_CMAKE_SYMLINK_INSTALL=1 -DCMAKE_INSTALL_PREFIX=/dev_ws_jazzy/install/articubot_one
[61.853s] DEBUG:colcon.colcon_core.event_handler.log_command:Invoking command in '/dev_ws_jazzy/build/articubot_one': CMAKE_PREFIX_PATH=${CMAKE_PREFIX_PATH}:/opt/ros/jazzy /usr/bin/cmake --build /dev_ws_jazzy/build/articubot_one -- -j16 -l16
[62.440s] DEBUG:colcon.colcon_core.event_handler.log_command:Invoked command in '/dev_ws_jazzy/build/articubot_one' returned '0': CMAKE_PREFIX_PATH=${CMAKE_PREFIX_PATH}:/opt/ros/jazzy /usr/bin/cmake --build /dev_ws_jazzy/build/articubot_one -- -j16 -l16
[62.523s] DEBUG:colcon.colcon_core.event_handler.log_command:Invoking command in '/dev_ws_jazzy/build/articubot_one': CMAKE_PREFIX_PATH=${CMAKE_PREFIX_PATH}:/opt/ros/jazzy /usr/bin/cmake --install /dev_ws_jazzy/build/articubot_one
[62.926s] DEBUG:colcon.colcon_core.event_handler.log_command:Invoked command in '/dev_ws_jazzy/build/diffdrive_arduino' returned '2': CMAKE_PREFIX_PATH=${CMAKE_PREFIX_PATH}:/opt/ros/jazzy /usr/bin/cmake --build /dev_ws_jazzy/build/diffdrive_arduino -- -j16 -l16
[62.952s] Level 1:colcon.colcon_core.environment:create_environment_scripts_only(diffdrive_arduino)
[62.969s] Level 1:colcon.colcon_core.environment:checking '/dev_ws_jazzy/install/diffdrive_arduino' for CMake module files
[62.980s] Level 1:colcon.colcon_core.environment:checking '/dev_ws_jazzy/install/diffdrive_arduino' for CMake config files
[62.983s] Level 1:colcon.colcon_core.environment:checking '/dev_ws_jazzy/install/diffdrive_arduino/bin'
[62.984s] Level 1:colcon.colcon_core.environment:checking '/dev_ws_jazzy/install/diffdrive_arduino/lib/pkgconfig/diffdrive_arduino.pc'
[62.993s] Level 1:colcon.colcon_core.environment:checking '/dev_ws_jazzy/install/diffdrive_arduino/lib/python3.12/site-packages'
[62.995s] Level 1:colcon.colcon_core.environment:checking '/dev_ws_jazzy/install/diffdrive_arduino/bin'
[62.997s] INFO:colcon.colcon_core.shell:Creating package script '/dev_ws_jazzy/install/diffdrive_arduino/share/diffdrive_arduino/package.ps1'
[63.032s] INFO:colcon.colcon_core.shell:Creating package descriptor '/dev_ws_jazzy/install/diffdrive_arduino/share/diffdrive_arduino/package.dsv'
[63.052s] INFO:colcon.colcon_core.shell:Creating package script '/dev_ws_jazzy/install/diffdrive_arduino/share/diffdrive_arduino/package.sh'
[63.073s] INFO:colcon.colcon_core.shell:Creating package script '/dev_ws_jazzy/install/diffdrive_arduino/share/diffdrive_arduino/package.bash'
[63.102s] INFO:colcon.colcon_core.shell:Creating package script '/dev_ws_jazzy/install/diffdrive_arduino/share/diffdrive_arduino/package.zsh'
[63.125s] Level 1:colcon.colcon_core.environment:create_file_with_runtime_dependencies(/dev_ws_jazzy/install/diffdrive_arduino/share/colcon-core/packages/diffdrive_arduino)
[88.489s] DEBUG:colcon.colcon_parallel_executor.executor.parallel:closing loop
[88.492s] DEBUG:colcon.colcon_parallel_executor.executor.parallel:loop closed
[88.498s] DEBUG:colcon.colcon_parallel_executor.executor.parallel:run_until_complete finished with '2'
[88.503s] DEBUG:colcon.colcon_core.event_reactor:joining thread
[88.551s] INFO:colcon.colcon_core.plugin_system:Skipping extension 'colcon_notification.desktop_notification.notify_send': Could not find 'notify-send'
[88.552s] INFO:colcon.colcon_core.plugin_system:Skipping extension 'colcon_notification.desktop_notification.terminal_notifier': Not used on non-Darwin systems
[88.553s] INFO:colcon.colcon_core.plugin_system:Skipping extension 'colcon_notification.desktop_notification.win32': Not used on non-Windows systems
[88.553s] INFO:colcon.colcon_notification.desktop_notification:Sending desktop notification using 'notify2'
[88.569s] DEBUG:colcon.colcon_notification.desktop_notification.notify2:Failed to initialize notify2: org.freedesktop.DBus.Error.Spawn.ExecFailed: /usr/bin/dbus-launch terminated abnormally without any error message
[88.570s] DEBUG:colcon.colcon_core.event_reactor:joined thread
[88.571s] INFO:colcon.colcon_core.shell:Creating prefix script '/dev_ws_jazzy/install/local_setup.ps1'
[88.580s] INFO:colcon.colcon_core.shell:Creating prefix util module '/dev_ws_jazzy/install/_local_setup_util_ps1.py'
[88.588s] INFO:colcon.colcon_core.shell:Creating prefix chain script '/dev_ws_jazzy/install/setup.ps1'
[88.598s] INFO:colcon.colcon_core.shell:Creating prefix script '/dev_ws_jazzy/install/local_setup.sh'
[88.608s] INFO:colcon.colcon_core.shell:Creating prefix util module '/dev_ws_jazzy/install/_local_setup_util_sh.py'
[88.619s] INFO:colcon.colcon_core.shell:Creating prefix chain script '/dev_ws_jazzy/install/setup.sh'
[88.635s] INFO:colcon.colcon_core.shell:Creating prefix script '/dev_ws_jazzy/install/local_setup.bash'
[88.647s] INFO:colcon.colcon_core.shell:Creating prefix chain script '/dev_ws_jazzy/install/setup.bash'
[88.657s] INFO:colcon.colcon_core.shell:Creating prefix script '/dev_ws_jazzy/install/local_setup.zsh'
[88.667s] INFO:colcon.colcon_core.shell:Creating prefix chain script '/dev_ws_jazzy/install/setup.zsh'
