[0.692s] Invoking command in '/dev_ws_jazzy/build/diffdrive_arduino': CMAKE_PREFIX_PATH=${CMAKE_PREFIX_PATH}:/opt/ros/jazzy /usr/bin/cmake /dev_ws_jazzy/src/diffdrive_arduino -DAMENT_CMAKE_SYMLINK_INSTALL=1 -DCMAKE_INSTALL_PREFIX=/dev_ws_jazzy/install/diffdrive_arduino
[1.887s] -- The CXX compiler identification is GNU 13.3.0
[2.090s] -- Detecting CXX compiler ABI info
[5.537s] -- Detecting CXX compiler ABI info - done
[5.782s] -- Check for working CXX compiler: /usr/bin/c++ - skipped
[5.784s] -- Detecting CXX compile features
[5.786s] -- Detecting CXX compile features - done
[6.101s] -- Found ament_cmake: 2.5.4 (/opt/ros/jazzy/share/ament_cmake/cmake)
[6.881s] -- Found Python3: /usr/bin/python3 (found version "3.12.3") found components: Interpreter 
[7.426s] -- Override CMake install command with custom implementation using symlinks instead of copying resources
[10.506s] -- Found hardware_interface: 4.29.0 (/opt/ros/jazzy/share/hardware_interface/cmake)
[11.929s] -- Found rosidl_generator_c: 4.6.5 (/opt/ros/jazzy/share/rosidl_generator_c/cmake)
[12.353s] -- Found rosidl_generator_cpp: 4.6.5 (/opt/ros/jazzy/share/rosidl_generator_cpp/cmake)
[12.960s] -- Using all available rosidl_typesupport_c: rosidl_typesupport_fastrtps_c;rosidl_typesupport_introspection_c
[13.541s] -- Using all available rosidl_typesupport_cpp: rosidl_typesupport_fastrtps_cpp;rosidl_typesupport_introspection_cpp
[16.468s] -- Found TinyXML2 via Config file: /usr/lib/x86_64-linux-gnu/cmake/tinyxml2
[17.507s] -- Found rmw_implementation_cmake: 7.3.2 (/opt/ros/jazzy/share/rmw_implementation_cmake/cmake)
[17.599s] -- Found rmw_fastrtps_cpp: 8.4.2 (/opt/ros/jazzy/share/rmw_fastrtps_cpp/cmake)
[18.256s] -- Found TinyXML2 via Config file: /usr/lib/x86_64-linux-gnu/cmake/tinyxml2
[18.412s] -- Found OpenSSL: /usr/lib/x86_64-linux-gnu/libcrypto.so (found version "3.0.13")  
[18.438s] -- Found TinyXML2 via Config file: /usr/lib/x86_64-linux-gnu/cmake/tinyxml2
[18.562s] -- Found FastRTPS: /opt/ros/jazzy/include (Required is at least version "2.13") 
[18.610s] -- Found TinyXML2 via Config file: /usr/lib/x86_64-linux-gnu/cmake/tinyxml2
[18.669s] -- Found TinyXML2 via Config file: /usr/lib/x86_64-linux-gnu/cmake/tinyxml2
[18.810s] -- Using RMW implementation 'rmw_fastrtps_cpp' as default
[28.461s] -- Found ament_cmake_gtest: 2.5.4 (/opt/ros/jazzy/share/ament_cmake_gtest/cmake)
[33.751s] -- Configuring done (33.0s)
[35.911s] -- Generating done (1.7s)
[39.167s] -- Build files have been written to: /dev_ws_jazzy/build/diffdrive_arduino
[39.186s] Invoked command in '/dev_ws_jazzy/build/diffdrive_arduino' returned '0': CMAKE_PREFIX_PATH=${CMAKE_PREFIX_PATH}:/opt/ros/jazzy /usr/bin/cmake /dev_ws_jazzy/src/diffdrive_arduino -DAMENT_CMAKE_SYMLINK_INSTALL=1 -DCMAKE_INSTALL_PREFIX=/dev_ws_jazzy/install/diffdrive_arduino
[39.438s] Invoking command in '/dev_ws_jazzy/build/diffdrive_arduino': CMAKE_PREFIX_PATH=${CMAKE_PREFIX_PATH}:/opt/ros/jazzy /usr/bin/cmake --build /dev_ws_jazzy/build/diffdrive_arduino -- -j16 -l16
[49.775s] [ 50%] [32mBuilding CXX object CMakeFiles/diffdrive_arduino.dir/hardware/diffbot_system.cpp.o[0m
[60.454s] In file included from [01m[K/dev_ws_jazzy/src/diffdrive_arduino/hardware/include/diffdrive_arduino/diffbot_system.hpp:34[m[K,
[60.455s]                  from [01m[K/dev_ws_jazzy/src/diffdrive_arduino/hardware/diffbot_system.cpp:15[m[K:
[60.457s] [01m[K/dev_ws_jazzy/src/diffdrive_arduino/hardware/include/diffdrive_arduino/arduino_comms.hpp:7:10:[m[K [01;31m[Kfatal error: [m[Klibserial/SerialPort.h: No such file or directory
[60.461s]     7 | #include [01;31m[K<libserial/SerialPort.h>[m[K
[60.472s]       |          [01;31m[K^~~~~~~~~~~~~~~~~~~~~~~~[m[K
[60.479s] compilation terminated.
[60.497s] gmake[2]: *** [CMakeFiles/diffdrive_arduino.dir/build.make:76: CMakeFiles/diffdrive_arduino.dir/hardware/diffbot_system.cpp.o] Error 1
[60.499s] gmake[1]: *** [CMakeFiles/Makefile2:137: CMakeFiles/diffdrive_arduino.dir/all] Error 2
[60.500s] gmake: *** [Makefile:146: all] Error 2
[60.503s] Invoked command in '/dev_ws_jazzy/build/diffdrive_arduino' returned '2': CMAKE_PREFIX_PATH=${CMAKE_PREFIX_PATH}:/opt/ros/jazzy /usr/bin/cmake --build /dev_ws_jazzy/build/diffdrive_arduino -- -j16 -l16
