[0.270s] DEBUG:colcon:Command line arguments: ['/usr/bin/colcon', 'build', '--symlink-install']
[0.271s] DEBUG:colcon:Parsed command line arguments: Namespace(log_base=None, log_level=None, verb_name='build', build_base='build', install_base='install', merge_install=False, symlink_install=True, test_result_base=None, continue_on_error=False, executor='parallel', parallel_workers=16, event_handlers=None, ignore_user_meta=False, metas=['./colcon.meta'], base_paths=['.'], packages_ignore=None, packages_ignore_regex=None, paths=None, packages_up_to=None, packages_up_to_regex=None, packages_above=None, packages_above_and_dependencies=None, packages_above_depth=None, packages_select_by_dep=None, packages_skip_by_dep=None, packages_skip_up_to=None, packages_select_build_failed=False, packages_skip_build_finished=False, packages_select_test_failures=False, packages_skip_test_passed=False, packages_select=None, packages_skip=None, packages_select_regex=None, packages_skip_regex=None, packages_start=None, packages_end=None, cmake_args=None, cmake_target=None, cmake_target_skip_unavailable=False, cmake_clean_cache=False, cmake_clean_first=False, cmake_force_configure=False, ament_cmake_args=None, catkin_cmake_args=None, catkin_skip_building_tests=False, mixin_files=None, mixin=None, verb_parser=<colcon_mixin.mixin.mixin_argument.MixinArgumentDecorator object at 0x7f241f7d9940>, verb_extension=<colcon_core.verb.build.BuildVerb object at 0x7f241f789580>, main=<bound method BuildVerb.main of <colcon_core.verb.build.BuildVerb object at 0x7f241f789580>>, mixin_verb=('build',))
[0.364s] Level 1:colcon.colcon_core.package_discovery:discover_packages(colcon_meta) check parameters
[0.366s] Level 1:colcon.colcon_core.package_discovery:discover_packages(recursive) check parameters
[0.366s] Level 1:colcon.colcon_core.package_discovery:discover_packages(ignore) check parameters
[0.366s] Level 1:colcon.colcon_core.package_discovery:discover_packages(path) check parameters
[0.367s] Level 1:colcon.colcon_core.package_discovery:discover_packages(colcon_meta) discover
[0.373s] Level 1:colcon.colcon_core.package_discovery:discover_packages(recursive) discover
[0.374s] INFO:colcon.colcon_core.package_discovery:Crawling recursively for packages in '/dev_ws_jazzy'
[0.378s] Level 1:colcon.colcon_core.package_identification:_identify(.) by extensions ['ignore', 'ignore_ament_install']
[0.378s] Level 1:colcon.colcon_core.package_identification:_identify(.) by extension 'ignore'
[0.380s] Level 1:colcon.colcon_core.package_identification:_identify(.) by extension 'ignore_ament_install'
[0.381s] Level 1:colcon.colcon_core.package_identification:_identify(.) by extensions ['colcon_pkg']
[0.381s] Level 1:colcon.colcon_core.package_identification:_identify(.) by extension 'colcon_pkg'
[0.387s] Level 1:colcon.colcon_core.package_identification:_identify(.) by extensions ['colcon_meta']
[0.387s] Level 1:colcon.colcon_core.package_identification:_identify(.) by extension 'colcon_meta'
[0.387s] Level 1:colcon.colcon_core.package_identification:_identify(.) by extensions ['ros']
[0.387s] Level 1:colcon.colcon_core.package_identification:_identify(.) by extension 'ros'
[0.424s] Level 1:colcon.colcon_core.package_identification:_identify(.) by extensions ['cmake', 'python']
[0.425s] Level 1:colcon.colcon_core.package_identification:_identify(.) by extension 'cmake'
[0.425s] Level 1:colcon.colcon_core.package_identification:_identify(.) by extension 'python'
[0.426s] Level 1:colcon.colcon_core.package_identification:_identify(.) by extensions ['python_setup_py']
[0.426s] Level 1:colcon.colcon_core.package_identification:_identify(.) by extension 'python_setup_py'
[0.431s] Level 1:colcon.colcon_core.package_identification:_identify(build) by extensions ['ignore', 'ignore_ament_install']
[0.432s] Level 1:colcon.colcon_core.package_identification:_identify(build) by extension 'ignore'
[0.433s] Level 1:colcon.colcon_core.package_identification:_identify(build) ignored
[0.437s] Level 1:colcon.colcon_core.package_identification:_identify(install) by extensions ['ignore', 'ignore_ament_install']
[0.437s] Level 1:colcon.colcon_core.package_identification:_identify(install) by extension 'ignore'
[0.439s] Level 1:colcon.colcon_core.package_identification:_identify(install) ignored
[0.447s] Level 1:colcon.colcon_core.package_identification:_identify(log) by extensions ['ignore', 'ignore_ament_install']
[0.448s] Level 1:colcon.colcon_core.package_identification:_identify(log) by extension 'ignore'
[0.451s] Level 1:colcon.colcon_core.package_identification:_identify(log) ignored
[0.456s] Level 1:colcon.colcon_core.package_identification:_identify(src) by extensions ['ignore', 'ignore_ament_install']
[0.458s] Level 1:colcon.colcon_core.package_identification:_identify(src) by extension 'ignore'
[0.459s] Level 1:colcon.colcon_core.package_identification:_identify(src) by extension 'ignore_ament_install'
[0.462s] Level 1:colcon.colcon_core.package_identification:_identify(src) by extensions ['colcon_pkg']
[0.462s] Level 1:colcon.colcon_core.package_identification:_identify(src) by extension 'colcon_pkg'
[0.465s] Level 1:colcon.colcon_core.package_identification:_identify(src) by extensions ['colcon_meta']
[0.466s] Level 1:colcon.colcon_core.package_identification:_identify(src) by extension 'colcon_meta'
[0.467s] Level 1:colcon.colcon_core.package_identification:_identify(src) by extensions ['ros']
[0.468s] Level 1:colcon.colcon_core.package_identification:_identify(src) by extension 'ros'
[0.475s] Level 1:colcon.colcon_core.package_identification:_identify(src) by extensions ['cmake', 'python']
[0.475s] Level 1:colcon.colcon_core.package_identification:_identify(src) by extension 'cmake'
[0.477s] Level 1:colcon.colcon_core.package_identification:_identify(src) by extension 'python'
[0.479s] Level 1:colcon.colcon_core.package_identification:_identify(src) by extensions ['python_setup_py']
[0.480s] Level 1:colcon.colcon_core.package_identification:_identify(src) by extension 'python_setup_py'
[0.489s] Level 1:colcon.colcon_core.package_identification:_identify(src/articubot_one) by extensions ['ignore', 'ignore_ament_install']
[0.490s] Level 1:colcon.colcon_core.package_identification:_identify(src/articubot_one) by extension 'ignore'
[0.493s] Level 1:colcon.colcon_core.package_identification:_identify(src/articubot_one) by extension 'ignore_ament_install'
[0.497s] Level 1:colcon.colcon_core.package_identification:_identify(src/articubot_one) by extensions ['colcon_pkg']
[0.497s] Level 1:colcon.colcon_core.package_identification:_identify(src/articubot_one) by extension 'colcon_pkg'
[0.499s] Level 1:colcon.colcon_core.package_identification:_identify(src/articubot_one) by extensions ['colcon_meta']
[0.500s] Level 1:colcon.colcon_core.package_identification:_identify(src/articubot_one) by extension 'colcon_meta'
[0.503s] Level 1:colcon.colcon_core.package_identification:_identify(src/articubot_one) by extensions ['ros']
[0.504s] Level 1:colcon.colcon_core.package_identification:_identify(src/articubot_one) by extension 'ros'
[0.546s] DEBUG:colcon.colcon_core.package_identification:Package 'src/articubot_one' with type 'ros.ament_cmake' and name 'articubot_one'
[0.562s] Level 1:colcon.colcon_core.package_identification:_identify(src/delivery_robot_interfaces) by extensions ['ignore', 'ignore_ament_install']
[0.562s] Level 1:colcon.colcon_core.package_identification:_identify(src/delivery_robot_interfaces) by extension 'ignore'
[0.565s] Level 1:colcon.colcon_core.package_identification:_identify(src/delivery_robot_interfaces) by extension 'ignore_ament_install'
[0.571s] Level 1:colcon.colcon_core.package_identification:_identify(src/delivery_robot_interfaces) by extensions ['colcon_pkg']
[0.572s] Level 1:colcon.colcon_core.package_identification:_identify(src/delivery_robot_interfaces) by extension 'colcon_pkg'
[0.574s] Level 1:colcon.colcon_core.package_identification:_identify(src/delivery_robot_interfaces) by extensions ['colcon_meta']
[0.575s] Level 1:colcon.colcon_core.package_identification:_identify(src/delivery_robot_interfaces) by extension 'colcon_meta'
[0.579s] Level 1:colcon.colcon_core.package_identification:_identify(src/delivery_robot_interfaces) by extensions ['ros']
[0.580s] Level 1:colcon.colcon_core.package_identification:_identify(src/delivery_robot_interfaces) by extension 'ros'
[0.618s] DEBUG:colcon.colcon_core.package_identification:Package 'src/delivery_robot_interfaces' with type 'ros.ament_cmake' and name 'delivery_robot_interfaces'
[0.624s] Level 1:colcon.colcon_core.package_identification:_identify(src/diffdrive_arduino) by extensions ['ignore', 'ignore_ament_install']
[0.625s] Level 1:colcon.colcon_core.package_identification:_identify(src/diffdrive_arduino) by extension 'ignore'
[0.627s] Level 1:colcon.colcon_core.package_identification:_identify(src/diffdrive_arduino) by extension 'ignore_ament_install'
[0.632s] Level 1:colcon.colcon_core.package_identification:_identify(src/diffdrive_arduino) by extensions ['colcon_pkg']
[0.632s] Level 1:colcon.colcon_core.package_identification:_identify(src/diffdrive_arduino) by extension 'colcon_pkg'
[0.634s] Level 1:colcon.colcon_core.package_identification:_identify(src/diffdrive_arduino) by extensions ['colcon_meta']
[0.635s] Level 1:colcon.colcon_core.package_identification:_identify(src/diffdrive_arduino) by extension 'colcon_meta'
[0.638s] Level 1:colcon.colcon_core.package_identification:_identify(src/diffdrive_arduino) by extensions ['ros']
[0.638s] Level 1:colcon.colcon_core.package_identification:_identify(src/diffdrive_arduino) by extension 'ros'
[0.679s] DEBUG:colcon.colcon_core.package_identification:Package 'src/diffdrive_arduino' with type 'ros.ament_cmake' and name 'diffdrive_arduino'
[0.685s] Level 1:colcon.colcon_core.package_identification:_identify(src/order_generator) by extensions ['ignore', 'ignore_ament_install']
[0.685s] Level 1:colcon.colcon_core.package_identification:_identify(src/order_generator) by extension 'ignore'
[0.688s] Level 1:colcon.colcon_core.package_identification:_identify(src/order_generator) by extension 'ignore_ament_install'
[0.691s] Level 1:colcon.colcon_core.package_identification:_identify(src/order_generator) by extensions ['colcon_pkg']
[0.692s] Level 1:colcon.colcon_core.package_identification:_identify(src/order_generator) by extension 'colcon_pkg'
[0.694s] Level 1:colcon.colcon_core.package_identification:_identify(src/order_generator) by extensions ['colcon_meta']
[0.694s] Level 1:colcon.colcon_core.package_identification:_identify(src/order_generator) by extension 'colcon_meta'
[0.697s] Level 1:colcon.colcon_core.package_identification:_identify(src/order_generator) by extensions ['ros']
[0.697s] Level 1:colcon.colcon_core.package_identification:_identify(src/order_generator) by extension 'ros'
[0.733s] DEBUG:colcon.colcon_core.package_identification:Package 'src/order_generator' with type 'ros.ament_python' and name 'order_generator'
[0.740s] Level 1:colcon.colcon_core.package_identification:_identify(src/rplidar_ros) by extensions ['ignore', 'ignore_ament_install']
[0.740s] Level 1:colcon.colcon_core.package_identification:_identify(src/rplidar_ros) by extension 'ignore'
[0.742s] Level 1:colcon.colcon_core.package_identification:_identify(src/rplidar_ros) by extension 'ignore_ament_install'
[0.746s] Level 1:colcon.colcon_core.package_identification:_identify(src/rplidar_ros) by extensions ['colcon_pkg']
[0.746s] Level 1:colcon.colcon_core.package_identification:_identify(src/rplidar_ros) by extension 'colcon_pkg'
[0.748s] Level 1:colcon.colcon_core.package_identification:_identify(src/rplidar_ros) by extensions ['colcon_meta']
[0.748s] Level 1:colcon.colcon_core.package_identification:_identify(src/rplidar_ros) by extension 'colcon_meta'
[0.751s] Level 1:colcon.colcon_core.package_identification:_identify(src/rplidar_ros) by extensions ['ros']
[0.752s] Level 1:colcon.colcon_core.package_identification:_identify(src/rplidar_ros) by extension 'ros'
[0.783s] DEBUG:colcon.colcon_core.package_identification:Package 'src/rplidar_ros' with type 'ros.ament_cmake' and name 'rplidar_ros'
[0.783s] Level 1:colcon.colcon_core.package_discovery:discover_packages(recursive) using defaults
[0.783s] Level 1:colcon.colcon_core.package_discovery:discover_packages(ignore) discover
[0.784s] Level 1:colcon.colcon_core.package_discovery:discover_packages(ignore) using defaults
[0.784s] Level 1:colcon.colcon_core.package_discovery:discover_packages(path) discover
[0.784s] Level 1:colcon.colcon_core.package_discovery:discover_packages(path) using defaults
[0.870s] Level 5:colcon.colcon_core.verb:set package 'articubot_one' build argument 'cmake_args' from command line to 'None'
[0.870s] Level 5:colcon.colcon_core.verb:set package 'articubot_one' build argument 'cmake_target' from command line to 'None'
[0.871s] Level 5:colcon.colcon_core.verb:set package 'articubot_one' build argument 'cmake_target_skip_unavailable' from command line to 'False'
[0.871s] Level 5:colcon.colcon_core.verb:set package 'articubot_one' build argument 'cmake_clean_cache' from command line to 'False'
[0.872s] Level 5:colcon.colcon_core.verb:set package 'articubot_one' build argument 'cmake_clean_first' from command line to 'False'
[0.873s] Level 5:colcon.colcon_core.verb:set package 'articubot_one' build argument 'cmake_force_configure' from command line to 'False'
[0.874s] Level 5:colcon.colcon_core.verb:set package 'articubot_one' build argument 'ament_cmake_args' from command line to 'None'
[0.874s] Level 5:colcon.colcon_core.verb:set package 'articubot_one' build argument 'catkin_cmake_args' from command line to 'None'
[0.874s] Level 5:colcon.colcon_core.verb:set package 'articubot_one' build argument 'catkin_skip_building_tests' from command line to 'False'
[0.876s] DEBUG:colcon.colcon_core.verb:Building package 'articubot_one' with the following arguments: {'ament_cmake_args': None, 'build_base': '/dev_ws_jazzy/build/articubot_one', 'catkin_cmake_args': None, 'catkin_skip_building_tests': False, 'cmake_args': None, 'cmake_clean_cache': False, 'cmake_clean_first': False, 'cmake_force_configure': False, 'cmake_target': None, 'cmake_target_skip_unavailable': False, 'install_base': '/dev_ws_jazzy/install/articubot_one', 'merge_install': False, 'path': '/dev_ws_jazzy/src/articubot_one', 'symlink_install': True, 'test_result_base': None}
[0.877s] Level 5:colcon.colcon_core.verb:set package 'delivery_robot_interfaces' build argument 'cmake_args' from command line to 'None'
[0.878s] Level 5:colcon.colcon_core.verb:set package 'delivery_robot_interfaces' build argument 'cmake_target' from command line to 'None'
[0.878s] Level 5:colcon.colcon_core.verb:set package 'delivery_robot_interfaces' build argument 'cmake_target_skip_unavailable' from command line to 'False'
[0.878s] Level 5:colcon.colcon_core.verb:set package 'delivery_robot_interfaces' build argument 'cmake_clean_cache' from command line to 'False'
[0.879s] Level 5:colcon.colcon_core.verb:set package 'delivery_robot_interfaces' build argument 'cmake_clean_first' from command line to 'False'
[0.879s] Level 5:colcon.colcon_core.verb:set package 'delivery_robot_interfaces' build argument 'cmake_force_configure' from command line to 'False'
[0.880s] Level 5:colcon.colcon_core.verb:set package 'delivery_robot_interfaces' build argument 'ament_cmake_args' from command line to 'None'
[0.881s] Level 5:colcon.colcon_core.verb:set package 'delivery_robot_interfaces' build argument 'catkin_cmake_args' from command line to 'None'
[0.881s] Level 5:colcon.colcon_core.verb:set package 'delivery_robot_interfaces' build argument 'catkin_skip_building_tests' from command line to 'False'
[0.881s] DEBUG:colcon.colcon_core.verb:Building package 'delivery_robot_interfaces' with the following arguments: {'ament_cmake_args': None, 'build_base': '/dev_ws_jazzy/build/delivery_robot_interfaces', 'catkin_cmake_args': None, 'catkin_skip_building_tests': False, 'cmake_args': None, 'cmake_clean_cache': False, 'cmake_clean_first': False, 'cmake_force_configure': False, 'cmake_target': None, 'cmake_target_skip_unavailable': False, 'install_base': '/dev_ws_jazzy/install/delivery_robot_interfaces', 'merge_install': False, 'path': '/dev_ws_jazzy/src/delivery_robot_interfaces', 'symlink_install': True, 'test_result_base': None}
[0.882s] Level 5:colcon.colcon_core.verb:set package 'diffdrive_arduino' build argument 'cmake_args' from command line to 'None'
[0.882s] Level 5:colcon.colcon_core.verb:set package 'diffdrive_arduino' build argument 'cmake_target' from command line to 'None'
[0.883s] Level 5:colcon.colcon_core.verb:set package 'diffdrive_arduino' build argument 'cmake_target_skip_unavailable' from command line to 'False'
[0.883s] Level 5:colcon.colcon_core.verb:set package 'diffdrive_arduino' build argument 'cmake_clean_cache' from command line to 'False'
[0.883s] Level 5:colcon.colcon_core.verb:set package 'diffdrive_arduino' build argument 'cmake_clean_first' from command line to 'False'
[0.884s] Level 5:colcon.colcon_core.verb:set package 'diffdrive_arduino' build argument 'cmake_force_configure' from command line to 'False'
[0.884s] Level 5:colcon.colcon_core.verb:set package 'diffdrive_arduino' build argument 'ament_cmake_args' from command line to 'None'
[0.884s] Level 5:colcon.colcon_core.verb:set package 'diffdrive_arduino' build argument 'catkin_cmake_args' from command line to 'None'
[0.885s] Level 5:colcon.colcon_core.verb:set package 'diffdrive_arduino' build argument 'catkin_skip_building_tests' from command line to 'False'
[0.885s] DEBUG:colcon.colcon_core.verb:Building package 'diffdrive_arduino' with the following arguments: {'ament_cmake_args': None, 'build_base': '/dev_ws_jazzy/build/diffdrive_arduino', 'catkin_cmake_args': None, 'catkin_skip_building_tests': False, 'cmake_args': None, 'cmake_clean_cache': False, 'cmake_clean_first': False, 'cmake_force_configure': False, 'cmake_target': None, 'cmake_target_skip_unavailable': False, 'install_base': '/dev_ws_jazzy/install/diffdrive_arduino', 'merge_install': False, 'path': '/dev_ws_jazzy/src/diffdrive_arduino', 'symlink_install': True, 'test_result_base': None}
[0.886s] Level 5:colcon.colcon_core.verb:set package 'rplidar_ros' build argument 'cmake_args' from command line to 'None'
[0.886s] Level 5:colcon.colcon_core.verb:set package 'rplidar_ros' build argument 'cmake_target' from command line to 'None'
[0.886s] Level 5:colcon.colcon_core.verb:set package 'rplidar_ros' build argument 'cmake_target_skip_unavailable' from command line to 'False'
[0.887s] Level 5:colcon.colcon_core.verb:set package 'rplidar_ros' build argument 'cmake_clean_cache' from command line to 'False'
[0.887s] Level 5:colcon.colcon_core.verb:set package 'rplidar_ros' build argument 'cmake_clean_first' from command line to 'False'
[0.887s] Level 5:colcon.colcon_core.verb:set package 'rplidar_ros' build argument 'cmake_force_configure' from command line to 'False'
[0.887s] Level 5:colcon.colcon_core.verb:set package 'rplidar_ros' build argument 'ament_cmake_args' from command line to 'None'
[0.889s] Level 5:colcon.colcon_core.verb:set package 'rplidar_ros' build argument 'catkin_cmake_args' from command line to 'None'
[0.889s] Level 5:colcon.colcon_core.verb:set package 'rplidar_ros' build argument 'catkin_skip_building_tests' from command line to 'False'
[0.890s] DEBUG:colcon.colcon_core.verb:Building package 'rplidar_ros' with the following arguments: {'ament_cmake_args': None, 'build_base': '/dev_ws_jazzy/build/rplidar_ros', 'catkin_cmake_args': None, 'catkin_skip_building_tests': False, 'cmake_args': None, 'cmake_clean_cache': False, 'cmake_clean_first': False, 'cmake_force_configure': False, 'cmake_target': None, 'cmake_target_skip_unavailable': False, 'install_base': '/dev_ws_jazzy/install/rplidar_ros', 'merge_install': False, 'path': '/dev_ws_jazzy/src/rplidar_ros', 'symlink_install': True, 'test_result_base': None}
[0.890s] Level 5:colcon.colcon_core.verb:set package 'order_generator' build argument 'cmake_args' from command line to 'None'
[0.891s] Level 5:colcon.colcon_core.verb:set package 'order_generator' build argument 'cmake_target' from command line to 'None'
[0.891s] Level 5:colcon.colcon_core.verb:set package 'order_generator' build argument 'cmake_target_skip_unavailable' from command line to 'False'
[0.891s] Level 5:colcon.colcon_core.verb:set package 'order_generator' build argument 'cmake_clean_cache' from command line to 'False'
[0.891s] Level 5:colcon.colcon_core.verb:set package 'order_generator' build argument 'cmake_clean_first' from command line to 'False'
[0.892s] Level 5:colcon.colcon_core.verb:set package 'order_generator' build argument 'cmake_force_configure' from command line to 'False'
[0.892s] Level 5:colcon.colcon_core.verb:set package 'order_generator' build argument 'ament_cmake_args' from command line to 'None'
[0.892s] Level 5:colcon.colcon_core.verb:set package 'order_generator' build argument 'catkin_cmake_args' from command line to 'None'
[0.892s] Level 5:colcon.colcon_core.verb:set package 'order_generator' build argument 'catkin_skip_building_tests' from command line to 'False'
[0.893s] DEBUG:colcon.colcon_core.verb:Building package 'order_generator' with the following arguments: {'ament_cmake_args': None, 'build_base': '/dev_ws_jazzy/build/order_generator', 'catkin_cmake_args': None, 'catkin_skip_building_tests': False, 'cmake_args': None, 'cmake_clean_cache': False, 'cmake_clean_first': False, 'cmake_force_configure': False, 'cmake_target': None, 'cmake_target_skip_unavailable': False, 'install_base': '/dev_ws_jazzy/install/order_generator', 'merge_install': False, 'path': '/dev_ws_jazzy/src/order_generator', 'symlink_install': True, 'test_result_base': None}
[0.893s] INFO:colcon.colcon_core.executor:Executing jobs using 'parallel' executor
[0.895s] DEBUG:colcon.colcon_parallel_executor.executor.parallel:run_until_complete
[0.897s] INFO:colcon.colcon_ros.task.ament_cmake.build:Building ROS package in '/dev_ws_jazzy/src/delivery_robot_interfaces' with build type 'ament_cmake'
[0.897s] INFO:colcon.colcon_cmake.task.cmake.build:Building CMake package in '/dev_ws_jazzy/src/delivery_robot_interfaces'
[0.903s] INFO:colcon.colcon_core.plugin_system:Skipping extension 'colcon_core.shell.bat': Not used on non-Windows systems
[0.904s] INFO:colcon.colcon_core.shell:Skip shell extension 'powershell' for command environment: Not usable outside of PowerShell
[0.904s] DEBUG:colcon.colcon_core.shell:Skip shell extension 'dsv' for command environment
[0.948s] INFO:colcon.colcon_ros.task.ament_cmake.build:Building ROS package in '/dev_ws_jazzy/src/articubot_one' with build type 'ament_cmake'
[0.949s] INFO:colcon.colcon_cmake.task.cmake.build:Building CMake package in '/dev_ws_jazzy/src/articubot_one'
[0.950s] INFO:colcon.colcon_core.shell:Skip shell extension 'powershell' for command environment: Not usable outside of PowerShell
[0.950s] DEBUG:colcon.colcon_core.shell:Skip shell extension 'dsv' for command environment
[0.974s] INFO:colcon.colcon_ros.task.ament_cmake.build:Building ROS package in '/dev_ws_jazzy/src/diffdrive_arduino' with build type 'ament_cmake'
[0.975s] INFO:colcon.colcon_cmake.task.cmake.build:Building CMake package in '/dev_ws_jazzy/src/diffdrive_arduino'
[0.979s] INFO:colcon.colcon_core.shell:Skip shell extension 'powershell' for command environment: Not usable outside of PowerShell
[0.982s] DEBUG:colcon.colcon_core.shell:Skip shell extension 'dsv' for command environment
[1.020s] INFO:colcon.colcon_ros.task.ament_cmake.build:Building ROS package in '/dev_ws_jazzy/src/rplidar_ros' with build type 'ament_cmake'
[1.023s] INFO:colcon.colcon_cmake.task.cmake.build:Building CMake package in '/dev_ws_jazzy/src/rplidar_ros'
[1.025s] INFO:colcon.colcon_core.shell:Skip shell extension 'powershell' for command environment: Not usable outside of PowerShell
[1.026s] DEBUG:colcon.colcon_core.shell:Skip shell extension 'dsv' for command environment
[1.205s] DEBUG:colcon.colcon_core.event_handler.log_command:Invoking command in '/dev_ws_jazzy/build/delivery_robot_interfaces': CMAKE_PREFIX_PATH=${CMAKE_PREFIX_PATH}:/opt/ros/jazzy /usr/bin/cmake --build /dev_ws_jazzy/build/delivery_robot_interfaces -- -j16 -l16
[1.303s] DEBUG:colcon.colcon_core.event_handler.log_command:Invoking command in '/dev_ws_jazzy/build/articubot_one': CMAKE_PREFIX_PATH=${CMAKE_PREFIX_PATH}:/opt/ros/jazzy /usr/bin/cmake --build /dev_ws_jazzy/build/articubot_one -- -j16 -l16
[1.393s] DEBUG:colcon.colcon_core.event_handler.log_command:Invoking command in '/dev_ws_jazzy/build/diffdrive_arduino': CMAKE_PREFIX_PATH=${CMAKE_PREFIX_PATH}:/opt/ros/jazzy /usr/bin/cmake --build /dev_ws_jazzy/build/diffdrive_arduino -- -j16 -l16
[1.491s] DEBUG:colcon.colcon_core.event_handler.log_command:Invoking command in '/dev_ws_jazzy/build/rplidar_ros': CMAKE_PREFIX_PATH=${CMAKE_PREFIX_PATH}:/opt/ros/jazzy /usr/bin/cmake --build /dev_ws_jazzy/build/rplidar_ros -- -j16 -l16
[1.652s] DEBUG:colcon.colcon_core.event_handler.log_command:Invoked command in '/dev_ws_jazzy/build/articubot_one' returned '0': CMAKE_PREFIX_PATH=${CMAKE_PREFIX_PATH}:/opt/ros/jazzy /usr/bin/cmake --build /dev_ws_jazzy/build/articubot_one -- -j16 -l16
[1.750s] DEBUG:colcon.colcon_core.event_handler.log_command:Invoking command in '/dev_ws_jazzy/build/articubot_one': CMAKE_PREFIX_PATH=${CMAKE_PREFIX_PATH}:/opt/ros/jazzy /usr/bin/cmake --install /dev_ws_jazzy/build/articubot_one
[9.880s] Level 1:colcon.colcon_core.environment:create_environment_scripts_only(articubot_one)
[9.889s] Level 1:colcon.colcon_core.environment:checking '/dev_ws_jazzy/install/articubot_one' for CMake module files
[9.898s] DEBUG:colcon.colcon_core.event_handler.log_command:Invoked command in '/dev_ws_jazzy/build/articubot_one' returned '0': CMAKE_PREFIX_PATH=${CMAKE_PREFIX_PATH}:/opt/ros/jazzy /usr/bin/cmake --install /dev_ws_jazzy/build/articubot_one
[10.900s] Level 1:colcon.colcon_core.environment:checking '/dev_ws_jazzy/install/articubot_one' for CMake config files
[11.779s] Level 1:colcon.colcon_core.shell:create_environment_hook('articubot_one', 'cmake_prefix_path')
[11.781s] INFO:colcon.colcon_core.shell:Creating environment hook '/dev_ws_jazzy/install/articubot_one/share/articubot_one/hook/cmake_prefix_path.ps1'
[11.903s] INFO:colcon.colcon_core.shell:Creating environment descriptor '/dev_ws_jazzy/install/articubot_one/share/articubot_one/hook/cmake_prefix_path.dsv'
[12.067s] INFO:colcon.colcon_core.shell:Creating environment hook '/dev_ws_jazzy/install/articubot_one/share/articubot_one/hook/cmake_prefix_path.sh'
[12.228s] Level 1:colcon.colcon_core.environment:checking '/dev_ws_jazzy/install/articubot_one/bin'
[12.238s] Level 1:colcon.colcon_core.environment:checking '/dev_ws_jazzy/install/articubot_one/lib/pkgconfig/articubot_one.pc'
[12.256s] Level 1:colcon.colcon_core.environment:checking '/dev_ws_jazzy/install/articubot_one/lib/python3.12/site-packages'
[12.270s] Level 1:colcon.colcon_core.environment:checking '/dev_ws_jazzy/install/articubot_one/bin'
[12.285s] INFO:colcon.colcon_core.shell:Creating package script '/dev_ws_jazzy/install/articubot_one/share/articubot_one/package.ps1'
[12.423s] INFO:colcon.colcon_core.shell:Creating package descriptor '/dev_ws_jazzy/install/articubot_one/share/articubot_one/package.dsv'
[12.532s] INFO:colcon.colcon_core.shell:Creating package script '/dev_ws_jazzy/install/articubot_one/share/articubot_one/package.sh'
[12.633s] INFO:colcon.colcon_core.shell:Creating package script '/dev_ws_jazzy/install/articubot_one/share/articubot_one/package.bash'
[12.737s] INFO:colcon.colcon_core.shell:Creating package script '/dev_ws_jazzy/install/articubot_one/share/articubot_one/package.zsh'
[12.842s] Level 1:colcon.colcon_core.environment:create_file_with_runtime_dependencies(/dev_ws_jazzy/install/articubot_one/share/colcon-core/packages/articubot_one)
[13.060s] Level 1:colcon.colcon_core.environment:create_environment_scripts_only(articubot_one)
[13.064s] Level 1:colcon.colcon_core.environment:checking '/dev_ws_jazzy/install/articubot_one' for CMake module files
[14.739s] Level 1:colcon.colcon_core.environment:checking '/dev_ws_jazzy/install/articubot_one' for CMake config files
[15.708s] Level 1:colcon.colcon_core.shell:create_environment_hook('articubot_one', 'cmake_prefix_path')
[15.709s] INFO:colcon.colcon_core.shell:Creating environment hook '/dev_ws_jazzy/install/articubot_one/share/articubot_one/hook/cmake_prefix_path.ps1'
[15.840s] INFO:colcon.colcon_core.shell:Creating environment descriptor '/dev_ws_jazzy/install/articubot_one/share/articubot_one/hook/cmake_prefix_path.dsv'
[16.046s] INFO:colcon.colcon_core.shell:Creating environment hook '/dev_ws_jazzy/install/articubot_one/share/articubot_one/hook/cmake_prefix_path.sh'
[16.595s] Level 1:colcon.colcon_core.environment:checking '/dev_ws_jazzy/install/articubot_one/bin'
[16.633s] Level 1:colcon.colcon_core.environment:checking '/dev_ws_jazzy/install/articubot_one/lib/pkgconfig/articubot_one.pc'
[16.663s] Level 1:colcon.colcon_core.environment:checking '/dev_ws_jazzy/install/articubot_one/lib/python3.12/site-packages'
[16.731s] Level 1:colcon.colcon_core.environment:checking '/dev_ws_jazzy/install/articubot_one/bin'
[16.739s] INFO:colcon.colcon_core.shell:Creating package script '/dev_ws_jazzy/install/articubot_one/share/articubot_one/package.ps1'
[16.818s] INFO:colcon.colcon_core.shell:Creating package descriptor '/dev_ws_jazzy/install/articubot_one/share/articubot_one/package.dsv'
[16.869s] INFO:colcon.colcon_core.shell:Creating package script '/dev_ws_jazzy/install/articubot_one/share/articubot_one/package.sh'
[16.948s] INFO:colcon.colcon_core.shell:Creating package script '/dev_ws_jazzy/install/articubot_one/share/articubot_one/package.bash'
[17.013s] INFO:colcon.colcon_core.shell:Creating package script '/dev_ws_jazzy/install/articubot_one/share/articubot_one/package.zsh'
[17.145s] Level 1:colcon.colcon_core.environment:create_file_with_runtime_dependencies(/dev_ws_jazzy/install/articubot_one/share/colcon-core/packages/articubot_one)
[18.781s] DEBUG:colcon.colcon_core.event_handler.log_command:Invoked command in '/dev_ws_jazzy/build/rplidar_ros' returned '0': CMAKE_PREFIX_PATH=${CMAKE_PREFIX_PATH}:/opt/ros/jazzy /usr/bin/cmake --build /dev_ws_jazzy/build/rplidar_ros -- -j16 -l16
[18.843s] DEBUG:colcon.colcon_core.event_handler.log_command:Invoking command in '/dev_ws_jazzy/build/rplidar_ros': CMAKE_PREFIX_PATH=${CMAKE_PREFIX_PATH}:/opt/ros/jazzy /usr/bin/cmake --install /dev_ws_jazzy/build/rplidar_ros
[23.896s] Level 1:colcon.colcon_core.environment:create_environment_scripts_only(rplidar_ros)
[23.896s] Level 1:colcon.colcon_core.environment:checking '/dev_ws_jazzy/install/rplidar_ros' for CMake module files
[23.897s] DEBUG:colcon.colcon_core.event_handler.log_command:Invoked command in '/dev_ws_jazzy/build/rplidar_ros' returned '0': CMAKE_PREFIX_PATH=${CMAKE_PREFIX_PATH}:/opt/ros/jazzy /usr/bin/cmake --install /dev_ws_jazzy/build/rplidar_ros
[24.271s] Level 1:colcon.colcon_core.environment:checking '/dev_ws_jazzy/install/rplidar_ros' for CMake config files
[24.515s] Level 1:colcon.colcon_core.shell:create_environment_hook('rplidar_ros', 'cmake_prefix_path')
[24.516s] INFO:colcon.colcon_core.shell:Creating environment hook '/dev_ws_jazzy/install/rplidar_ros/share/rplidar_ros/hook/cmake_prefix_path.ps1'
[24.536s] INFO:colcon.colcon_core.shell:Creating environment descriptor '/dev_ws_jazzy/install/rplidar_ros/share/rplidar_ros/hook/cmake_prefix_path.dsv'
[24.569s] INFO:colcon.colcon_core.shell:Creating environment hook '/dev_ws_jazzy/install/rplidar_ros/share/rplidar_ros/hook/cmake_prefix_path.sh'
[24.613s] Level 1:colcon.colcon_core.environment:checking '/dev_ws_jazzy/install/rplidar_ros/lib'
[24.621s] Level 1:colcon.colcon_core.environment:checking '/dev_ws_jazzy/install/rplidar_ros/bin'
[24.624s] Level 1:colcon.colcon_core.environment:checking '/dev_ws_jazzy/install/rplidar_ros/lib/pkgconfig/rplidar_ros.pc'
[24.627s] Level 1:colcon.colcon_core.environment:checking '/dev_ws_jazzy/install/rplidar_ros/lib/python3.12/site-packages'
[24.630s] Level 1:colcon.colcon_core.environment:checking '/dev_ws_jazzy/install/rplidar_ros/bin'
[24.632s] INFO:colcon.colcon_core.shell:Creating package script '/dev_ws_jazzy/install/rplidar_ros/share/rplidar_ros/package.ps1'
[24.652s] INFO:colcon.colcon_core.shell:Creating package descriptor '/dev_ws_jazzy/install/rplidar_ros/share/rplidar_ros/package.dsv'
[24.691s] INFO:colcon.colcon_core.shell:Creating package script '/dev_ws_jazzy/install/rplidar_ros/share/rplidar_ros/package.sh'
[24.746s] INFO:colcon.colcon_core.shell:Creating package script '/dev_ws_jazzy/install/rplidar_ros/share/rplidar_ros/package.bash'
[24.788s] INFO:colcon.colcon_core.shell:Creating package script '/dev_ws_jazzy/install/rplidar_ros/share/rplidar_ros/package.zsh'
[24.814s] Level 1:colcon.colcon_core.environment:create_file_with_runtime_dependencies(/dev_ws_jazzy/install/rplidar_ros/share/colcon-core/packages/rplidar_ros)
[24.905s] Level 1:colcon.colcon_core.environment:create_environment_scripts_only(rplidar_ros)
[24.906s] Level 1:colcon.colcon_core.environment:checking '/dev_ws_jazzy/install/rplidar_ros' for CMake module files
[25.176s] Level 1:colcon.colcon_core.environment:checking '/dev_ws_jazzy/install/rplidar_ros' for CMake config files
[25.408s] Level 1:colcon.colcon_core.shell:create_environment_hook('rplidar_ros', 'cmake_prefix_path')
[25.409s] INFO:colcon.colcon_core.shell:Creating environment hook '/dev_ws_jazzy/install/rplidar_ros/share/rplidar_ros/hook/cmake_prefix_path.ps1'
[25.437s] INFO:colcon.colcon_core.shell:Creating environment descriptor '/dev_ws_jazzy/install/rplidar_ros/share/rplidar_ros/hook/cmake_prefix_path.dsv'
[25.462s] INFO:colcon.colcon_core.shell:Creating environment hook '/dev_ws_jazzy/install/rplidar_ros/share/rplidar_ros/hook/cmake_prefix_path.sh'
[25.515s] Level 1:colcon.colcon_core.environment:checking '/dev_ws_jazzy/install/rplidar_ros/lib'
[25.543s] Level 1:colcon.colcon_core.environment:checking '/dev_ws_jazzy/install/rplidar_ros/bin'
[25.572s] Level 1:colcon.colcon_core.environment:checking '/dev_ws_jazzy/install/rplidar_ros/lib/pkgconfig/rplidar_ros.pc'
[25.578s] Level 1:colcon.colcon_core.environment:checking '/dev_ws_jazzy/install/rplidar_ros/lib/python3.12/site-packages'
[25.601s] Level 1:colcon.colcon_core.environment:checking '/dev_ws_jazzy/install/rplidar_ros/bin'
[25.617s] INFO:colcon.colcon_core.shell:Creating package script '/dev_ws_jazzy/install/rplidar_ros/share/rplidar_ros/package.ps1'
[25.671s] INFO:colcon.colcon_core.shell:Creating package descriptor '/dev_ws_jazzy/install/rplidar_ros/share/rplidar_ros/package.dsv'
[25.742s] INFO:colcon.colcon_core.shell:Creating package script '/dev_ws_jazzy/install/rplidar_ros/share/rplidar_ros/package.sh'
[25.777s] INFO:colcon.colcon_core.shell:Creating package script '/dev_ws_jazzy/install/rplidar_ros/share/rplidar_ros/package.bash'
[25.826s] INFO:colcon.colcon_core.shell:Creating package script '/dev_ws_jazzy/install/rplidar_ros/share/rplidar_ros/package.zsh'
[25.865s] Level 1:colcon.colcon_core.environment:create_file_with_runtime_dependencies(/dev_ws_jazzy/install/rplidar_ros/share/colcon-core/packages/rplidar_ros)
[25.909s] DEBUG:colcon.colcon_core.event_handler.log_command:Invoked command in '/dev_ws_jazzy/build/delivery_robot_interfaces' returned '0': CMAKE_PREFIX_PATH=${CMAKE_PREFIX_PATH}:/opt/ros/jazzy /usr/bin/cmake --build /dev_ws_jazzy/build/delivery_robot_interfaces -- -j16 -l16
[25.968s] DEBUG:colcon.colcon_core.event_handler.log_command:Invoking command in '/dev_ws_jazzy/build/delivery_robot_interfaces': CMAKE_PREFIX_PATH=${CMAKE_PREFIX_PATH}:/opt/ros/jazzy /usr/bin/cmake --install /dev_ws_jazzy/build/delivery_robot_interfaces
[31.325s] DEBUG:colcon.colcon_core.event_handler.log_command:Invoked command in '/dev_ws_jazzy/build/diffdrive_arduino' returned '0': CMAKE_PREFIX_PATH=${CMAKE_PREFIX_PATH}:/opt/ros/jazzy /usr/bin/cmake --build /dev_ws_jazzy/build/diffdrive_arduino -- -j16 -l16
[31.375s] DEBUG:colcon.colcon_core.event_handler.log_command:Invoking command in '/dev_ws_jazzy/build/diffdrive_arduino': CMAKE_PREFIX_PATH=${CMAKE_PREFIX_PATH}:/opt/ros/jazzy /usr/bin/cmake --install /dev_ws_jazzy/build/diffdrive_arduino
[34.684s] Level 1:colcon.colcon_core.environment:create_environment_scripts_only(diffdrive_arduino)
[34.686s] Level 1:colcon.colcon_core.environment:checking '/dev_ws_jazzy/install/diffdrive_arduino' for CMake module files
[34.687s] DEBUG:colcon.colcon_core.event_handler.log_command:Invoked command in '/dev_ws_jazzy/build/diffdrive_arduino' returned '0': CMAKE_PREFIX_PATH=${CMAKE_PREFIX_PATH}:/opt/ros/jazzy /usr/bin/cmake --install /dev_ws_jazzy/build/diffdrive_arduino
[34.980s] Level 1:colcon.colcon_core.environment:checking '/dev_ws_jazzy/install/diffdrive_arduino' for CMake config files
[35.274s] Level 1:colcon.colcon_core.shell:create_environment_hook('diffdrive_arduino', 'cmake_prefix_path')
[35.275s] INFO:colcon.colcon_core.shell:Creating environment hook '/dev_ws_jazzy/install/diffdrive_arduino/share/diffdrive_arduino/hook/cmake_prefix_path.ps1'
[35.290s] INFO:colcon.colcon_core.shell:Creating environment descriptor '/dev_ws_jazzy/install/diffdrive_arduino/share/diffdrive_arduino/hook/cmake_prefix_path.dsv'
[35.311s] INFO:colcon.colcon_core.shell:Creating environment hook '/dev_ws_jazzy/install/diffdrive_arduino/share/diffdrive_arduino/hook/cmake_prefix_path.sh'
[35.335s] Level 1:colcon.colcon_core.environment:checking '/dev_ws_jazzy/install/diffdrive_arduino/lib'
[35.342s] Level 1:colcon.colcon_core.shell:create_environment_hook('diffdrive_arduino', 'ld_library_path_lib')
[35.343s] INFO:colcon.colcon_core.shell:Creating environment hook '/dev_ws_jazzy/install/diffdrive_arduino/share/diffdrive_arduino/hook/ld_library_path_lib.ps1'
[35.363s] INFO:colcon.colcon_core.shell:Creating environment descriptor '/dev_ws_jazzy/install/diffdrive_arduino/share/diffdrive_arduino/hook/ld_library_path_lib.dsv'
[35.383s] INFO:colcon.colcon_core.shell:Creating environment hook '/dev_ws_jazzy/install/diffdrive_arduino/share/diffdrive_arduino/hook/ld_library_path_lib.sh'
[35.403s] Level 1:colcon.colcon_core.environment:checking '/dev_ws_jazzy/install/diffdrive_arduino/bin'
[35.404s] Level 1:colcon.colcon_core.environment:checking '/dev_ws_jazzy/install/diffdrive_arduino/lib/pkgconfig/diffdrive_arduino.pc'
[35.407s] Level 1:colcon.colcon_core.environment:checking '/dev_ws_jazzy/install/diffdrive_arduino/lib/python3.12/site-packages'
[35.410s] Level 1:colcon.colcon_core.environment:checking '/dev_ws_jazzy/install/diffdrive_arduino/bin'
[35.411s] INFO:colcon.colcon_core.shell:Creating package script '/dev_ws_jazzy/install/diffdrive_arduino/share/diffdrive_arduino/package.ps1'
[35.427s] INFO:colcon.colcon_core.shell:Creating package descriptor '/dev_ws_jazzy/install/diffdrive_arduino/share/diffdrive_arduino/package.dsv'
[35.453s] INFO:colcon.colcon_core.shell:Creating package script '/dev_ws_jazzy/install/diffdrive_arduino/share/diffdrive_arduino/package.sh'
[35.474s] INFO:colcon.colcon_core.shell:Creating package script '/dev_ws_jazzy/install/diffdrive_arduino/share/diffdrive_arduino/package.bash'
[35.501s] INFO:colcon.colcon_core.shell:Creating package script '/dev_ws_jazzy/install/diffdrive_arduino/share/diffdrive_arduino/package.zsh'
[35.518s] Level 1:colcon.colcon_core.environment:create_file_with_runtime_dependencies(/dev_ws_jazzy/install/diffdrive_arduino/share/colcon-core/packages/diffdrive_arduino)
[35.565s] Level 1:colcon.colcon_core.environment:create_environment_scripts_only(diffdrive_arduino)
[35.566s] Level 1:colcon.colcon_core.environment:checking '/dev_ws_jazzy/install/diffdrive_arduino' for CMake module files
[35.800s] Level 1:colcon.colcon_core.environment:checking '/dev_ws_jazzy/install/diffdrive_arduino' for CMake config files
[36.057s] Level 1:colcon.colcon_core.shell:create_environment_hook('diffdrive_arduino', 'cmake_prefix_path')
[36.057s] INFO:colcon.colcon_core.shell:Creating environment hook '/dev_ws_jazzy/install/diffdrive_arduino/share/diffdrive_arduino/hook/cmake_prefix_path.ps1'
[36.085s] INFO:colcon.colcon_core.shell:Creating environment descriptor '/dev_ws_jazzy/install/diffdrive_arduino/share/diffdrive_arduino/hook/cmake_prefix_path.dsv'
[36.109s] INFO:colcon.colcon_core.shell:Creating environment hook '/dev_ws_jazzy/install/diffdrive_arduino/share/diffdrive_arduino/hook/cmake_prefix_path.sh'
[36.133s] Level 1:colcon.colcon_core.environment:checking '/dev_ws_jazzy/install/diffdrive_arduino/lib'
[36.140s] Level 1:colcon.colcon_core.shell:create_environment_hook('diffdrive_arduino', 'ld_library_path_lib')
[36.141s] INFO:colcon.colcon_core.shell:Creating environment hook '/dev_ws_jazzy/install/diffdrive_arduino/share/diffdrive_arduino/hook/ld_library_path_lib.ps1'
[36.170s] INFO:colcon.colcon_core.shell:Creating environment descriptor '/dev_ws_jazzy/install/diffdrive_arduino/share/diffdrive_arduino/hook/ld_library_path_lib.dsv'
[36.196s] INFO:colcon.colcon_core.shell:Creating environment hook '/dev_ws_jazzy/install/diffdrive_arduino/share/diffdrive_arduino/hook/ld_library_path_lib.sh'
[36.220s] Level 1:colcon.colcon_core.environment:checking '/dev_ws_jazzy/install/diffdrive_arduino/bin'
[36.222s] Level 1:colcon.colcon_core.environment:checking '/dev_ws_jazzy/install/diffdrive_arduino/lib/pkgconfig/diffdrive_arduino.pc'
[36.227s] Level 1:colcon.colcon_core.environment:checking '/dev_ws_jazzy/install/diffdrive_arduino/lib/python3.12/site-packages'
[36.230s] Level 1:colcon.colcon_core.environment:checking '/dev_ws_jazzy/install/diffdrive_arduino/bin'
[36.231s] INFO:colcon.colcon_core.shell:Creating package script '/dev_ws_jazzy/install/diffdrive_arduino/share/diffdrive_arduino/package.ps1'
[36.247s] INFO:colcon.colcon_core.shell:Creating package descriptor '/dev_ws_jazzy/install/diffdrive_arduino/share/diffdrive_arduino/package.dsv'
[36.262s] INFO:colcon.colcon_core.shell:Creating package script '/dev_ws_jazzy/install/diffdrive_arduino/share/diffdrive_arduino/package.sh'
[36.285s] INFO:colcon.colcon_core.shell:Creating package script '/dev_ws_jazzy/install/diffdrive_arduino/share/diffdrive_arduino/package.bash'
[36.321s] INFO:colcon.colcon_core.shell:Creating package script '/dev_ws_jazzy/install/diffdrive_arduino/share/diffdrive_arduino/package.zsh'
[36.370s] Level 1:colcon.colcon_core.environment:create_file_with_runtime_dependencies(/dev_ws_jazzy/install/diffdrive_arduino/share/colcon-core/packages/diffdrive_arduino)
[39.699s] Level 1:colcon.colcon_core.environment:create_environment_scripts_only(delivery_robot_interfaces)
[39.702s] Level 1:colcon.colcon_core.environment:checking '/dev_ws_jazzy/install/delivery_robot_interfaces' for CMake module files
[39.734s] DEBUG:colcon.colcon_core.event_handler.log_command:Invoked command in '/dev_ws_jazzy/build/delivery_robot_interfaces' returned '0': CMAKE_PREFIX_PATH=${CMAKE_PREFIX_PATH}:/opt/ros/jazzy /usr/bin/cmake --install /dev_ws_jazzy/build/delivery_robot_interfaces
[40.349s] Level 1:colcon.colcon_core.environment:checking '/dev_ws_jazzy/install/delivery_robot_interfaces' for CMake config files
[40.979s] Level 1:colcon.colcon_core.shell:create_environment_hook('delivery_robot_interfaces', 'cmake_prefix_path')
[40.979s] INFO:colcon.colcon_core.shell:Creating environment hook '/dev_ws_jazzy/install/delivery_robot_interfaces/share/delivery_robot_interfaces/hook/cmake_prefix_path.ps1'
[40.998s] INFO:colcon.colcon_core.shell:Creating environment descriptor '/dev_ws_jazzy/install/delivery_robot_interfaces/share/delivery_robot_interfaces/hook/cmake_prefix_path.dsv'
[41.020s] INFO:colcon.colcon_core.shell:Creating environment hook '/dev_ws_jazzy/install/delivery_robot_interfaces/share/delivery_robot_interfaces/hook/cmake_prefix_path.sh'
[41.047s] Level 1:colcon.colcon_core.environment:checking '/dev_ws_jazzy/install/delivery_robot_interfaces/lib'
[41.054s] Level 1:colcon.colcon_core.shell:create_environment_hook('delivery_robot_interfaces', 'ld_library_path_lib')
[41.055s] INFO:colcon.colcon_core.shell:Creating environment hook '/dev_ws_jazzy/install/delivery_robot_interfaces/share/delivery_robot_interfaces/hook/ld_library_path_lib.ps1'
[41.077s] INFO:colcon.colcon_core.shell:Creating environment descriptor '/dev_ws_jazzy/install/delivery_robot_interfaces/share/delivery_robot_interfaces/hook/ld_library_path_lib.dsv'
[41.100s] INFO:colcon.colcon_core.shell:Creating environment hook '/dev_ws_jazzy/install/delivery_robot_interfaces/share/delivery_robot_interfaces/hook/ld_library_path_lib.sh'
[41.127s] Level 1:colcon.colcon_core.environment:checking '/dev_ws_jazzy/install/delivery_robot_interfaces/bin'
[41.130s] Level 1:colcon.colcon_core.environment:checking '/dev_ws_jazzy/install/delivery_robot_interfaces/lib/pkgconfig/delivery_robot_interfaces.pc'
[41.133s] Level 1:colcon.colcon_core.environment:checking '/dev_ws_jazzy/install/delivery_robot_interfaces/lib/python3.12/site-packages'
[41.141s] Level 1:colcon.colcon_core.shell:create_environment_hook('delivery_robot_interfaces', 'pythonpath')
[41.142s] INFO:colcon.colcon_core.shell:Creating environment hook '/dev_ws_jazzy/install/delivery_robot_interfaces/share/delivery_robot_interfaces/hook/pythonpath.ps1'
[41.165s] INFO:colcon.colcon_core.shell:Creating environment descriptor '/dev_ws_jazzy/install/delivery_robot_interfaces/share/delivery_robot_interfaces/hook/pythonpath.dsv'
[41.238s] INFO:colcon.colcon_core.shell:Creating environment hook '/dev_ws_jazzy/install/delivery_robot_interfaces/share/delivery_robot_interfaces/hook/pythonpath.sh'
[41.299s] Level 1:colcon.colcon_core.environment:checking '/dev_ws_jazzy/install/delivery_robot_interfaces/bin'
[41.303s] INFO:colcon.colcon_core.shell:Creating package script '/dev_ws_jazzy/install/delivery_robot_interfaces/share/delivery_robot_interfaces/package.ps1'
[41.342s] INFO:colcon.colcon_core.shell:Creating package descriptor '/dev_ws_jazzy/install/delivery_robot_interfaces/share/delivery_robot_interfaces/package.dsv'
[41.378s] INFO:colcon.colcon_core.shell:Creating package script '/dev_ws_jazzy/install/delivery_robot_interfaces/share/delivery_robot_interfaces/package.sh'
[41.407s] INFO:colcon.colcon_core.shell:Creating package script '/dev_ws_jazzy/install/delivery_robot_interfaces/share/delivery_robot_interfaces/package.bash'
[41.443s] INFO:colcon.colcon_core.shell:Creating package script '/dev_ws_jazzy/install/delivery_robot_interfaces/share/delivery_robot_interfaces/package.zsh'
[41.488s] Level 1:colcon.colcon_core.environment:create_file_with_runtime_dependencies(/dev_ws_jazzy/install/delivery_robot_interfaces/share/colcon-core/packages/delivery_robot_interfaces)
[41.532s] Level 1:colcon.colcon_core.environment:create_environment_scripts_only(delivery_robot_interfaces)
[41.533s] Level 1:colcon.colcon_core.environment:checking '/dev_ws_jazzy/install/delivery_robot_interfaces' for CMake module files
[42.223s] Level 1:colcon.colcon_core.environment:checking '/dev_ws_jazzy/install/delivery_robot_interfaces' for CMake config files
[42.896s] Level 1:colcon.colcon_core.shell:create_environment_hook('delivery_robot_interfaces', 'cmake_prefix_path')
[42.897s] INFO:colcon.colcon_core.shell:Creating environment hook '/dev_ws_jazzy/install/delivery_robot_interfaces/share/delivery_robot_interfaces/hook/cmake_prefix_path.ps1'
[42.922s] INFO:colcon.colcon_core.shell:Creating environment descriptor '/dev_ws_jazzy/install/delivery_robot_interfaces/share/delivery_robot_interfaces/hook/cmake_prefix_path.dsv'
[42.945s] INFO:colcon.colcon_core.shell:Creating environment hook '/dev_ws_jazzy/install/delivery_robot_interfaces/share/delivery_robot_interfaces/hook/cmake_prefix_path.sh'
[42.973s] Level 1:colcon.colcon_core.environment:checking '/dev_ws_jazzy/install/delivery_robot_interfaces/lib'
[42.979s] Level 1:colcon.colcon_core.shell:create_environment_hook('delivery_robot_interfaces', 'ld_library_path_lib')
[42.980s] INFO:colcon.colcon_core.shell:Creating environment hook '/dev_ws_jazzy/install/delivery_robot_interfaces/share/delivery_robot_interfaces/hook/ld_library_path_lib.ps1'
[43.011s] INFO:colcon.colcon_core.shell:Creating environment descriptor '/dev_ws_jazzy/install/delivery_robot_interfaces/share/delivery_robot_interfaces/hook/ld_library_path_lib.dsv'
[43.035s] INFO:colcon.colcon_core.shell:Creating environment hook '/dev_ws_jazzy/install/delivery_robot_interfaces/share/delivery_robot_interfaces/hook/ld_library_path_lib.sh'
[43.060s] Level 1:colcon.colcon_core.environment:checking '/dev_ws_jazzy/install/delivery_robot_interfaces/bin'
[43.063s] Level 1:colcon.colcon_core.environment:checking '/dev_ws_jazzy/install/delivery_robot_interfaces/lib/pkgconfig/delivery_robot_interfaces.pc'
[43.066s] Level 1:colcon.colcon_core.environment:checking '/dev_ws_jazzy/install/delivery_robot_interfaces/lib/python3.12/site-packages'
[43.070s] Level 1:colcon.colcon_core.shell:create_environment_hook('delivery_robot_interfaces', 'pythonpath')
[43.071s] INFO:colcon.colcon_core.shell:Creating environment hook '/dev_ws_jazzy/install/delivery_robot_interfaces/share/delivery_robot_interfaces/hook/pythonpath.ps1'
[43.094s] INFO:colcon.colcon_core.shell:Creating environment descriptor '/dev_ws_jazzy/install/delivery_robot_interfaces/share/delivery_robot_interfaces/hook/pythonpath.dsv'
[43.121s] INFO:colcon.colcon_core.shell:Creating environment hook '/dev_ws_jazzy/install/delivery_robot_interfaces/share/delivery_robot_interfaces/hook/pythonpath.sh'
[43.152s] Level 1:colcon.colcon_core.environment:checking '/dev_ws_jazzy/install/delivery_robot_interfaces/bin'
[43.156s] INFO:colcon.colcon_core.shell:Creating package script '/dev_ws_jazzy/install/delivery_robot_interfaces/share/delivery_robot_interfaces/package.ps1'
[43.181s] INFO:colcon.colcon_core.shell:Creating package descriptor '/dev_ws_jazzy/install/delivery_robot_interfaces/share/delivery_robot_interfaces/package.dsv'
[43.232s] INFO:colcon.colcon_core.shell:Creating package script '/dev_ws_jazzy/install/delivery_robot_interfaces/share/delivery_robot_interfaces/package.sh'
[43.268s] INFO:colcon.colcon_core.shell:Creating package script '/dev_ws_jazzy/install/delivery_robot_interfaces/share/delivery_robot_interfaces/package.bash'
[43.311s] INFO:colcon.colcon_core.shell:Creating package script '/dev_ws_jazzy/install/delivery_robot_interfaces/share/delivery_robot_interfaces/package.zsh'
[43.339s] Level 1:colcon.colcon_core.environment:create_file_with_runtime_dependencies(/dev_ws_jazzy/install/delivery_robot_interfaces/share/colcon-core/packages/delivery_robot_interfaces)
[43.362s] INFO:colcon.colcon_ros.task.ament_python.build:Building ROS package in '/dev_ws_jazzy/src/order_generator' with build type 'ament_python'
[43.362s] Level 1:colcon.colcon_core.shell:create_environment_hook('order_generator', 'ament_prefix_path')
[43.363s] INFO:colcon.colcon_core.shell:Creating environment hook '/dev_ws_jazzy/install/order_generator/share/order_generator/hook/ament_prefix_path.ps1'
[43.408s] INFO:colcon.colcon_core.shell:Creating environment descriptor '/dev_ws_jazzy/install/order_generator/share/order_generator/hook/ament_prefix_path.dsv'
[43.441s] INFO:colcon.colcon_core.shell:Creating environment hook '/dev_ws_jazzy/install/order_generator/share/order_generator/hook/ament_prefix_path.sh'
[43.473s] INFO:colcon.colcon_core.shell:Skip shell extension 'powershell' for command environment: Not usable outside of PowerShell
[43.473s] DEBUG:colcon.colcon_core.shell:Skip shell extension 'dsv' for command environment
[44.896s] INFO:colcon.colcon_core.task.python.build:Building Python package in '/dev_ws_jazzy/src/order_generator'
[44.902s] INFO:colcon.colcon_core.shell:Skip shell extension 'powershell' for command environment: Not usable outside of PowerShell
[44.904s] DEBUG:colcon.colcon_core.shell:Skip shell extension 'dsv' for command environment
[48.743s] DEBUG:colcon.colcon_core.event_handler.log_command:Invoking command in '/dev_ws_jazzy/build/order_generator': AMENT_PREFIX_PATH=/dev_ws_jazzy/install/delivery_robot_interfaces:${AMENT_PREFIX_PATH} CMAKE_PREFIX_PATH=/dev_ws_jazzy/install/delivery_robot_interfaces:${CMAKE_PREFIX_PATH} LD_LIBRARY_PATH=/dev_ws_jazzy/install/delivery_robot_interfaces/lib:${LD_LIBRARY_PATH} PYTHONPATH=/dev_ws_jazzy/build/order_generator/prefix_override:/usr/lib/python3/dist-packages/colcon_core/task/python/colcon_distutils_commands:/dev_ws_jazzy/install/order_generator/lib/python3.12/site-packages:/dev_ws_jazzy/install/delivery_robot_interfaces/lib/python3.12/site-packages:${PYTHONPATH} /usr/bin/python3 -W ignore:setup.py install is deprecated -W ignore:easy_install command is deprecated setup.py develop --editable --build-directory /dev_ws_jazzy/build/order_generator/build --no-deps symlink_data
[53.661s] Level 1:colcon.colcon_core.shell:create_environment_hook('order_generator', 'pythonpath_develop')
[53.662s] INFO:colcon.colcon_core.shell:Creating environment hook '/dev_ws_jazzy/build/order_generator/share/order_generator/hook/pythonpath_develop.ps1'
[53.665s] DEBUG:colcon.colcon_core.event_handler.log_command:Invoked command in '/dev_ws_jazzy/build/order_generator' returned '0': AMENT_PREFIX_PATH=/dev_ws_jazzy/install/delivery_robot_interfaces:${AMENT_PREFIX_PATH} CMAKE_PREFIX_PATH=/dev_ws_jazzy/install/delivery_robot_interfaces:${CMAKE_PREFIX_PATH} LD_LIBRARY_PATH=/dev_ws_jazzy/install/delivery_robot_interfaces/lib:${LD_LIBRARY_PATH} PYTHONPATH=/dev_ws_jazzy/build/order_generator/prefix_override:/usr/lib/python3/dist-packages/colcon_core/task/python/colcon_distutils_commands:/dev_ws_jazzy/install/order_generator/lib/python3.12/site-packages:/dev_ws_jazzy/install/delivery_robot_interfaces/lib/python3.12/site-packages:${PYTHONPATH} /usr/bin/python3 -W ignore:setup.py install is deprecated -W ignore:easy_install command is deprecated setup.py develop --editable --build-directory /dev_ws_jazzy/build/order_generator/build --no-deps symlink_data
[53.703s] INFO:colcon.colcon_core.shell:Creating environment descriptor '/dev_ws_jazzy/build/order_generator/share/order_generator/hook/pythonpath_develop.dsv'
[53.731s] INFO:colcon.colcon_core.shell:Creating environment hook '/dev_ws_jazzy/build/order_generator/share/order_generator/hook/pythonpath_develop.sh'
[53.769s] Level 1:colcon.colcon_core.environment:checking '/dev_ws_jazzy/install/order_generator' for CMake module files
[53.895s] Level 1:colcon.colcon_core.environment:checking '/dev_ws_jazzy/install/order_generator' for CMake config files
[54.136s] Level 1:colcon.colcon_core.environment:checking '/dev_ws_jazzy/install/order_generator/lib'
[54.142s] Level 1:colcon.colcon_core.environment:checking '/dev_ws_jazzy/install/order_generator/bin'
[54.148s] Level 1:colcon.colcon_core.environment:checking '/dev_ws_jazzy/install/order_generator/lib/pkgconfig/order_generator.pc'
[54.151s] Level 1:colcon.colcon_core.environment:checking '/dev_ws_jazzy/install/order_generator/lib/python3.12/site-packages'
[54.156s] Level 1:colcon.colcon_core.shell:create_environment_hook('order_generator', 'pythonpath')
[54.156s] INFO:colcon.colcon_core.shell:Creating environment hook '/dev_ws_jazzy/install/order_generator/share/order_generator/hook/pythonpath.ps1'
[54.192s] INFO:colcon.colcon_core.shell:Creating environment descriptor '/dev_ws_jazzy/install/order_generator/share/order_generator/hook/pythonpath.dsv'
[54.483s] INFO:colcon.colcon_core.shell:Creating environment hook '/dev_ws_jazzy/install/order_generator/share/order_generator/hook/pythonpath.sh'
[54.566s] Level 1:colcon.colcon_core.environment:checking '/dev_ws_jazzy/install/order_generator/bin'
[54.579s] Level 1:colcon.colcon_core.environment:create_environment_scripts_only(order_generator)
[54.580s] INFO:colcon.colcon_core.shell:Creating package script '/dev_ws_jazzy/install/order_generator/share/order_generator/package.ps1'
[54.652s] INFO:colcon.colcon_core.shell:Creating package descriptor '/dev_ws_jazzy/install/order_generator/share/order_generator/package.dsv'
[54.682s] INFO:colcon.colcon_core.shell:Creating package script '/dev_ws_jazzy/install/order_generator/share/order_generator/package.sh'
[54.726s] INFO:colcon.colcon_core.shell:Creating package script '/dev_ws_jazzy/install/order_generator/share/order_generator/package.bash'
[54.761s] INFO:colcon.colcon_core.shell:Creating package script '/dev_ws_jazzy/install/order_generator/share/order_generator/package.zsh'
[54.785s] Level 1:colcon.colcon_core.environment:create_file_with_runtime_dependencies(/dev_ws_jazzy/install/order_generator/share/colcon-core/packages/order_generator)
[54.812s] DEBUG:colcon.colcon_parallel_executor.executor.parallel:closing loop
[54.813s] DEBUG:colcon.colcon_parallel_executor.executor.parallel:loop closed
[54.813s] DEBUG:colcon.colcon_parallel_executor.executor.parallel:run_until_complete finished with '0'
[54.814s] DEBUG:colcon.colcon_core.event_reactor:joining thread
[54.875s] INFO:colcon.colcon_core.plugin_system:Skipping extension 'colcon_notification.desktop_notification.notify_send': Could not find 'notify-send'
[54.875s] INFO:colcon.colcon_core.plugin_system:Skipping extension 'colcon_notification.desktop_notification.terminal_notifier': Not used on non-Darwin systems
[54.876s] INFO:colcon.colcon_core.plugin_system:Skipping extension 'colcon_notification.desktop_notification.win32': Not used on non-Windows systems
[54.876s] INFO:colcon.colcon_notification.desktop_notification:Sending desktop notification using 'notify2'
[54.884s] DEBUG:colcon.colcon_notification.desktop_notification.notify2:Failed to initialize notify2: org.freedesktop.DBus.Error.Spawn.ExecFailed: /usr/bin/dbus-launch terminated abnormally without any error message
[54.885s] DEBUG:colcon.colcon_core.event_reactor:joined thread
[54.886s] INFO:colcon.colcon_core.shell:Creating prefix script '/dev_ws_jazzy/install/local_setup.ps1'
[54.908s] INFO:colcon.colcon_core.shell:Creating prefix util module '/dev_ws_jazzy/install/_local_setup_util_ps1.py'
[54.931s] INFO:colcon.colcon_core.shell:Creating prefix chain script '/dev_ws_jazzy/install/setup.ps1'
[54.961s] INFO:colcon.colcon_core.shell:Creating prefix script '/dev_ws_jazzy/install/local_setup.sh'
[54.974s] INFO:colcon.colcon_core.shell:Creating prefix util module '/dev_ws_jazzy/install/_local_setup_util_sh.py'
[55.014s] INFO:colcon.colcon_core.shell:Creating prefix chain script '/dev_ws_jazzy/install/setup.sh'
[55.037s] INFO:colcon.colcon_core.shell:Creating prefix script '/dev_ws_jazzy/install/local_setup.bash'
[55.052s] INFO:colcon.colcon_core.shell:Creating prefix chain script '/dev_ws_jazzy/install/setup.bash'
[55.072s] INFO:colcon.colcon_core.shell:Creating prefix script '/dev_ws_jazzy/install/local_setup.zsh'
[55.083s] INFO:colcon.colcon_core.shell:Creating prefix chain script '/dev_ws_jazzy/install/setup.zsh'
